\BOOKMARK [1][-]{section.1}{\376\377\000I\000n\000t\000r\000o\000d\000u\000c\000t\000i\000o\000n}{}% 1
\BOOKMARK [1][-]{section.2}{\376\377\0001\000\040\000D\000e\000c\000:\000\040\000L\000i\000n\000k\000e\000d\000I\000n}{}% 2
\BOOKMARK [2][-]{subsection.2.1}{\376\377\000T\000r\000u\000s\000t\000e\000c\000h}{section.2}% 3
\BOOKMARK [1][-]{section.3}{\376\377\0002\000\040\000D\000e\000c\000:\000\040\000L\000i\000n\000k\000e\000d\000I\000n}{}% 4
\BOOKMARK [2][-]{subsection.3.1}{\376\377\000C\000y\000g\000n\000u\000s\000\040\000P\000r\000o\000f\000e\000s\000s\000i\000o\000n\000a\000l\000s\000\040\000I\000n\000c\000.}{section.3}% 5
\BOOKMARK [2][-]{subsection.3.2}{\376\377\000R\000a\000a\000s\000\040\000I\000n\000f\000o\000t\000e\000k}{section.3}% 6
\BOOKMARK [2][-]{subsection.3.3}{\376\377\000C\000a\000r\000e\000e\000r\000K\000a\000r\000m\000a}{section.3}% 7
\BOOKMARK [1][-]{section.4}{\376\377\0003\000\040\000D\000e\000c\000:\000\040\000S\000t\000r\000u\000c\000t\000u\000r\000i\000n\000g}{}% 8
\BOOKMARK [2][-]{subsection.4.1}{\376\377\000I\000n\000s\000i\000g\000h\000t\000\040\000G\000l\000o\000b\000a\000l}{section.4}% 9
\BOOKMARK [2][-]{subsection.4.2}{\376\377\000A\000g\000i\000l\000e\000\040\000R\000e\000s\000o\000u\000r\000c\000e\000s\000,\000\040\000I\000n\000c\000.}{section.4}% 10
\BOOKMARK [2][-]{subsection.4.3}{\376\377\000E\000x\000p\000e\000d\000i\000a\000\040\000G\000r\000o\000u\000p}{section.4}% 11
\BOOKMARK [1][-]{section.5}{\376\377\0004\000\040\000D\000e\000c\000:\000\040\000L\000i\000n\000k\000e\000d\000I\000n}{}% 12
\BOOKMARK [2][-]{subsection.5.1}{\376\377\000C\000r\000o\000s\000s\000o\000v\000e\000r}{section.5}% 13
\BOOKMARK [2][-]{subsection.5.2}{\376\377\000J\000o\000b\000o\000t}{section.5}% 14
\BOOKMARK [2][-]{subsection.5.3}{\376\377\000N\000o\000i\000r}{section.5}% 15
\BOOKMARK [2][-]{subsection.5.4}{\376\377\000S\000a\000i\000w\000\040\000C\000a\000p\000i\000t\000a\000l}{section.5}% 16
\BOOKMARK [1][-]{section.6}{\376\377\0005\000\040\000D\000e\000c\000:\000\040\000L\000i\000n\000k\000e\000d\000I\000n}{}% 17
\BOOKMARK [2][-]{subsection.6.1}{\376\377\000T\000r\000i\000l\000o\000g\000y\000\040\000I\000n\000t\000e\000r\000n\000a\000t\000i\000o\000n\000a\000l}{section.6}% 18
\BOOKMARK [2][-]{subsection.6.2}{\376\377\000C\000r\000y\000s\000t\000a\000l\000\040\000E\000q\000u\000a\000t\000i\000o\000n\000\040\000C\000o\000r\000p\000o\000r\000a\000t\000i\000o\000n}{section.6}% 19
\BOOKMARK [2][-]{subsection.6.3}{\376\377\000I\000n\000f\000o\000\040\000W\000a\000y\000\040\000S\000o\000l\000u\000t\000i\000o\000n\000s}{section.6}% 20
\BOOKMARK [2][-]{subsection.6.4}{\376\377\000T\000a\000l\000e\000n\000e\000r}{section.6}% 21
\BOOKMARK [2][-]{subsection.6.5}{\376\377\000D\000u\000r\000l\000s\000t\000o\000n\000\040\000P\000a\000r\000t\000n\000e\000r\000s}{section.6}% 22
\BOOKMARK [1][-]{section.7}{\376\377\0006\000\040\000D\000e\000c\000:\000\040\000G\000i\000t\000H\000u\000b}{}% 23
\BOOKMARK [2][-]{subsection.7.1}{\376\377\000C\000r\000o\000s\000s\000o\000v\000e\000r}{section.7}% 24
\BOOKMARK [2][-]{subsection.7.2}{\376\377\000E\000l\000i\000a\000s\000s\000e\000n\000\040\000G\000r\000o\000u\000p}{section.7}% 25
\BOOKMARK [2][-]{subsection.7.3}{\376\377\000f\000i\000e\000r\000l\000o}{section.7}% 26
\BOOKMARK [2][-]{subsection.7.4}{\376\377\000A\000l\000g\000o\000\040\000C\000a\000p\000i\000t\000a\000l\000\040\000G\000r\000o\000u\000p}{section.7}% 27
\BOOKMARK [2][-]{subsection.7.5}{\376\377\000E\000v\000o\000l\000v\000e\000\040\000G\000r\000o\000u\000p}{section.7}% 28
\BOOKMARK [2][-]{subsection.7.6}{\376\377\000A\000I\000C\000l\000u\000b}{section.7}% 29
\BOOKMARK [1][-]{section.8}{\376\377\0007\000\040\000D\000e\000c\000:\000\040\000I\000n\000d\000e\000e\000d}{}% 30
\BOOKMARK [2][-]{subsection.8.1}{\376\377\000b\000o\000d\000o\000.\000a\000i}{section.8}% 31
\BOOKMARK [2][-]{subsection.8.2}{\376\377\000A\000s\000c\000e\000n\000d\000i\000o\000n}{section.8}% 32
\BOOKMARK [2][-]{subsection.8.3}{\376\377\000D\000a\000l\000e\000\040\000W\000o\000r\000k\000F\000o\000r\000c\000e\000\040\000S\000o\000l\000u\000t\000i\000o\000n\000s}{section.8}% 33
\BOOKMARK [2][-]{subsection.8.4}{\376\377\000S\000o\000f\000t\000\040\000S\000t\000a\000n\000d\000a\000r\000d\000\040\000O\000l\000u\000t\000i\000o\000n\000s}{section.8}% 34
\BOOKMARK [2][-]{subsection.8.5}{\376\377\000I\000n\000s\000i\000g\000h\000t\000\040\000G\000l\000o\000b\000a\000l}{section.8}% 35
\BOOKMARK [2][-]{subsection.8.6}{\376\377\000S\000e\000a\000m\000l\000e\000s\000s\000W\000o\000r\000l\000d\000\040\000C\000o\000n\000s\000u\000l\000t\000i\000n\000g}{section.8}% 36
\BOOKMARK [2][-]{subsection.8.7}{\376\377\000B\000E\000H\000A\000V\000I\000O\000R\000A\000L\000L\000Y\000\040\000I\000N\000C}{section.8}% 37
\BOOKMARK [1][-]{section.9}{\376\377\0008\000\040\000D\000e\000c\000:\000\040\000I\000n\000d\000e\000e\000d\000\040\000E\000m\000a\000i\000l\000s}{}% 38
\BOOKMARK [2][-]{subsection.9.1}{\376\377\000V\000e\000r\000t\000i\000c\000a\000l\000m\000o\000v\000e\000,\000\040\000I\000n\000c}{section.9}% 39
\BOOKMARK [2][-]{subsection.9.2}{\376\377\000S\000t\000a\000n\000f\000o\000r\000d\000\040\000B\000l\000a\000c\000k\000\040\000L\000i\000m\000i\000t\000e\000d}{section.9}% 40
\BOOKMARK [2][-]{subsection.9.3}{\376\377\000S\000t\000e\000a\000l\000t\000h\000\040\000S\000t\000a\000r\000t\000u\000p}{section.9}% 41
\BOOKMARK [2][-]{subsection.9.4}{\376\377\000o\0009\000\040\000S\000o\000l\000u\000t\000i\000o\000n\000s\000,\000\040\000I\000n\000c\000.}{section.9}% 42
\BOOKMARK [2][-]{subsection.9.5}{\376\377\000Z\000a\000c\000k\000s\000\040\000I\000n\000v\000e\000s\000t\000m\000e\000n\000t\000\040\000R\000e\000s\000e\000a\000r\000c\000h}{section.9}% 43
\BOOKMARK [2][-]{subsection.9.6}{\376\377\000B\000e\000s\000s\000e\000m\000e\000r\000\040\000T\000r\000u\000s\000t\000\040\000C\000o\000m\000p\000a\000n\000y}{section.9}% 44
\BOOKMARK [2][-]{subsection.9.7}{\376\377\000L\000o\000c\000k\000a\000r\000d\000\040\000\046\000\040\000W\000e\000c\000h\000s\000l\000e\000r\000\040\000D\000i\000r\000e\000c\000t}{section.9}% 45
\BOOKMARK [2][-]{subsection.9.8}{\376\377\000A\000m\000a\000l\000g\000a\000m\000a\000t\000e\000d\000\040\000L\000i\000f\000e\000\040\000I\000n\000s\000u\000r\000a\000n\000c\000e}{section.9}% 46
\BOOKMARK [1][-]{section.10}{\376\377\0009\000\040\000D\000e\000c\000:\000\040\000W\000o\000r\000k\000f\000l\000o\000w\000\040\000I\000d\000e\000a}{}% 47
\BOOKMARK [2][-]{subsection.10.1}{\376\377\000S\000a\000a\000m\000a}{section.10}% 48
\BOOKMARK [2][-]{subsection.10.2}{\376\377\000o\000r\000b\000i\000t}{section.10}% 49
\BOOKMARK [2][-]{subsection.10.3}{\376\377\000N\000i\000c\000o\000l\000l\000\040\000C\000u\000r\000t\000i\000n}{section.10}% 50
\BOOKMARK [2][-]{subsection.10.4}{\376\377\000T\000h\000u\000r\000n\000\040\000P\000a\000r\000t\000n\000e\000r\000s}{section.10}% 51
\BOOKMARK [2][-]{subsection.10.5}{\376\377\000A\000S\000I\000C\000S\000o\000f\000t}{section.10}% 52
\BOOKMARK [2][-]{subsection.10.6}{\376\377\000B\000l\000o\000o\000m\000b\000e\000r\000g}{section.10}% 53
\BOOKMARK [2][-]{subsection.10.7}{\376\377\000H\000o\000l\000m\000d\000e\000l}{section.10}% 54
\BOOKMARK [2][-]{subsection.10.8}{\376\377\000U\000n\000i\000t\000e\000d\000\040\000T\000e\000l\000e\000t\000e\000c\000h\000\040\000F\000i\000n\000a\000n\000c\000i\000a\000l\000\040\000F\000e\000d\000e\000r\000a\000l\000\040\000C\000r\000e\000d\000i\000t\000\040\000U\000n\000i\000o\000n}{section.10}% 55
\BOOKMARK [2][-]{subsection.10.9}{\376\377\000L\000i\000n\000k\000I\000t\000!}{section.10}% 56
\BOOKMARK [1][-]{section.11}{\376\377\0001\0000\000\040\000D\000e\000c\000:\000\040\000M\000i\000s\000s\000e\000d}{}% 57
\BOOKMARK [2][-]{subsection.11.1}{\376\377\000S\000t\000e\000a\000l\000t\000h\000\040\000S\000t\000a\000r\000t\000u\000p}{section.11}% 58
\BOOKMARK [2][-]{subsection.11.2}{\376\377\000T\000w\000i\000l\000l}{section.11}% 59
\BOOKMARK [2][-]{subsection.11.3}{\376\377\000L\000u\000m\000i\000c\000i\000t\000y}{section.11}% 60
\BOOKMARK [2][-]{subsection.11.4}{\376\377\000G\000o\000l\000i\000a\000t\000h\000\040\000P\000a\000r\000t\000n\000e\000r\000s}{section.11}% 61
\BOOKMARK [2][-]{subsection.11.5}{\376\377\000I\000n\000s\000i\000g\000h\000t\000\040\000G\000l\000o\000b\000a\000l}{section.11}% 62
\BOOKMARK [2][-]{subsection.11.6}{\376\377\000F\000o\000r\000a\000\040\000F\000i\000n\000a\000n\000c\000i\000a\000l\000\040\000L\000L\000C}{section.11}% 63
\BOOKMARK [2][-]{subsection.11.7}{\376\377\000A\000n\000c\000h\000o\000r\000a}{section.11}% 64
\BOOKMARK [2][-]{subsection.11.8}{\376\377\000C\000u\000s\000t\000o\000m\000e\000r\000\040\000E\000n\000g\000i\000n\000e\000e\000r\000i\000n\000g\000\040\000S\000e\000r\000v\000i\000c\000e\000s}{section.11}% 65
\BOOKMARK [2][-]{subsection.11.9}{\376\377\000F\000o\000r\000a\000\040\000F\000i\000n\000a\000n\000c\000i\000a\000l\000\040\000L\000L\000C}{section.11}% 66
\BOOKMARK [2][-]{subsection.11.10}{\376\377\000P\000e\000r\000s\000o\000n\000a\000l\000\040\000T\000o\000u\000c\000h\000\040\000H\000o\000m\000e\000\040\000C\000a\000r\000e}{section.11}% 67
\BOOKMARK [1][-]{section.12}{\376\377\0001\0001\000\040\000D\000e\000c\000:\000\040\000B\000o\000o\000s\000t}{}% 68
\BOOKMARK [2][-]{subsection.12.1}{\376\377\000C\000o\000m\000p\000u\000n\000n\000e\000l\000\040\000I\000n\000c\000.}{section.12}% 69
\BOOKMARK [2][-]{subsection.12.2}{\376\377\000O\000p\000e\000n\000\040\000S\000y\000s\000t\000e\000m\000s\000\040\000T\000e\000c\000h\000n\000o\000l\000o\000g\000i\000e\000s}{section.12}% 70
\BOOKMARK [2][-]{subsection.12.3}{\376\377\000T\000r\000a\000n\000s\000R\000e}{section.12}% 71
\BOOKMARK [2][-]{subsection.12.4}{\376\377\000M\000\040\000S\000q\000u\000a\000r\000e\000\040\000S\000y\000s\000t\000e\000m\000s}{section.12}% 72
\BOOKMARK [2][-]{subsection.12.5}{\376\377\000B\000r\000o\000o\000k\000s\000o\000u\000r\000c\000e}{section.12}% 73
\BOOKMARK [2][-]{subsection.12.6}{\376\377\000S\000U\000N\000c\000o\000\040\000P\000r\000o\000j\000e\000c\000t}{section.12}% 74
\BOOKMARK [2][-]{subsection.12.7}{\376\377\000P\000r\000u\000d\000e\000n\000t\000\040\000F\000i\000n\000a\000n\000c\000i\000a\000l\000\040\000S\000o\000l\000u\000t\000i\000o\000n\000s}{section.12}% 75
\BOOKMARK [2][-]{subsection.12.8}{\376\377\000B\000r\000o\000a\000d\000S\000t\000a\000f\000f\000\040\000I\000n\000c}{section.12}% 76
\BOOKMARK [2][-]{subsection.12.9}{\376\377\000N\000i\000p\000p\000o\000n\000\040\000L\000i\000f\000e\000\040\000B\000e\000n\000e\000f\000i\000t\000s}{section.12}% 77
\BOOKMARK [2][-]{subsection.12.10}{\376\377\000H\000e\000a\000l\000t\000h\000\040\000C\000e\000n\000t\000e\000r\000,\000\040\000I\000n\000c}{section.12}% 78
\BOOKMARK [2][-]{subsection.12.11}{\376\377\000B\000r\000o\000a\000d\000s\000t\000a\000f\000f}{section.12}% 79
\BOOKMARK [1][-]{section.13}{\376\377\0001\0002\000\040\000D\000e\000c\000:\000\040\000S\000h\000o\000r\000t}{}% 80
\BOOKMARK [2][-]{subsection.13.1}{\376\377\000J\000o\000b\000o\000t}{section.13}% 81
\BOOKMARK [2][-]{subsection.13.2}{\376\377\000C\000r\000o\000s\000s\000o\000v\000e\000r}{section.13}% 82
\BOOKMARK [2][-]{subsection.13.3}{\376\377\000S\000i\000n\000g\000l\000e\000t\000o\000n\000\040\000G\000r\000o\000u\000p}{section.13}% 83
\BOOKMARK [2][-]{subsection.13.4}{\376\377\000T\000o\000o\000t\000h\000F\000a\000i\000r\000y\000A\000I}{section.13}% 84
\BOOKMARK [2][-]{subsection.13.5}{\376\377\000O\000n\000i\000n\000\040\000S\000t\000a\000f\000f\000i\000n\000g\000\040}{section.13}% 85
\BOOKMARK [2][-]{subsection.13.6}{\376\377\000P\000r\000u\000d\000e\000n\000t\000\040\000F\000i\000n\000a\000n\000c\000i\000a\000l\000\040\000S\000o\000l\000u\000t\000i\000o\000n\000s}{section.13}% 86
\BOOKMARK [2][-]{subsection.13.7}{\376\377\000N\000e\000w\000\040\000Y\000o\000r\000k\000\040\000L\000i\000f\000e\000\040\000I\000n\000s\000u\000r\000a\000n\000c\000e\000\040\000C\000o\000m\000p\000a\000n\000y}{section.13}% 87
\BOOKMARK [2][-]{subsection.13.8}{\376\377\000H\000a\000m\000a\000m\000a\000t\000s\000u\000\040\000C\000o\000r\000p\000o\000r\000a\000t\000i\000o\000n}{section.13}% 88
\BOOKMARK [2][-]{subsection.13.9}{\376\377\000T\000e\000n\000V\000i\000z}{section.13}% 89
\BOOKMARK [2][-]{subsection.13.10}{\376\377\000Z\000e\000t\000t\000a\000l\000o\000g\000i\000x}{section.13}% 90
\BOOKMARK [2][-]{subsection.13.11}{\376\377\000H\000a\000m\000a\000m\000a\000t\000s\000u}{section.13}% 91
\BOOKMARK [2][-]{subsection.13.12}{\376\377\000C\000U\000S\000T\000O\000M\000E\000R\000\040\000E\000N\000G\000I\000N\000E\000E\000R\000I\000N\000G\000\040\000S\000E\000R\000V\000I\000C\000E\000S}{section.13}% 92
\BOOKMARK [1][-]{section.14}{\376\377\0001\0003\000\040\000D\000e\000c\000:\000\040\000A\000\040\000D\000a\000y\000\040\000L\000a\000t\000e}{}% 93
\BOOKMARK [2][-]{subsection.14.1}{\376\377\000C\000y\000n\000o\000s\000u\000r\000e\000\040\000T\000e\000c\000h\000n\000o\000l\000o\000g\000i\000e\000s}{section.14}% 94
\BOOKMARK [2][-]{subsection.14.2}{\376\377\000A\000v\000a\000n\000c\000e\000\040\000C\000o\000n\000s\000u\000l\000t\000i\000n\000g}{section.14}% 95
\BOOKMARK [2][-]{subsection.14.3}{\376\377\000T\000a\000l\000e\000n\000t\000i\000f\000y\000.\000i\000o}{section.14}% 96
\BOOKMARK [2][-]{subsection.14.4}{\376\377\000S\000t\000o\000r\000m\0002}{section.14}% 97
\BOOKMARK [2][-]{subsection.14.5}{\376\377\000S\000t\000o\000r\000m\0003}{section.14}% 98
\BOOKMARK [2][-]{subsection.14.6}{\376\377\000V\000e\000l\000a\000z\000\040\000S\000o\000l\000a\000r}{section.14}% 99
\BOOKMARK [2][-]{subsection.14.7}{\376\377\000F\000i\000d\000e\000l\000i\000t\000y\000\040\000T\000a\000l\000e\000n\000t\000S\000o\000u\000r\000c\000e}{section.14}% 100
\BOOKMARK [2][-]{subsection.14.8}{\376\377\000B\000o\000u\000n\000d\000l\000e\000s\000s\000,\000\040\000I\000n\000c}{section.14}% 101
\BOOKMARK [2][-]{subsection.14.9}{\376\377\000C\000o\000n\000f\000i\000d\000e\000n\000t\000i\000a\000l}{section.14}% 102
\BOOKMARK [2][-]{subsection.14.10}{\376\377\000C\000o\000n\000f\000i\000d\000e\000n\000t\000i\000a\000l}{section.14}% 103
\BOOKMARK [2][-]{subsection.14.11}{\376\377\000S\000u\000n\000c\000o}{section.14}% 104
\BOOKMARK [2][-]{subsection.14.12}{\376\377\000L\000o\000c\000k\000a\000r\000d\000\040\000\046\000\040\000W\000e\000c\000h\000s\000l\000e\000r\000\040\000D\000i\000r\000e\000c\000t}{section.14}% 105
\BOOKMARK [2][-]{subsection.14.13}{\376\377\000A\000m\000a\000l\000g\000a\000m\000a\000t\000e\000d\000\040\000L\000i\000f\000e}{section.14}% 106
\BOOKMARK [1][-]{section.15}{\376\377\0001\0004\000\040\000D\000e\000c\000:\000\040\000S\000h\000o\000r\000t}{}% 107
\BOOKMARK [2][-]{subsection.15.1}{\376\377\000H\000C\000L\000T\000e\000c\000h}{section.15}% 108
\BOOKMARK [2][-]{subsection.15.2}{\376\377\000M\000o\000n\000d\000o}{section.15}% 109
\BOOKMARK [2][-]{subsection.15.3}{\376\377\000X\000y\000o\000n\000\040\000G\000l\000o\000b\000a\000l}{section.15}% 110
\BOOKMARK [2][-]{subsection.15.4}{\376\377\000B\000l\000o\000o\000m}{section.15}% 111
\BOOKMARK [2][-]{subsection.15.5}{\376\377\000R\000e\000n\000a\000i\000s\000s\000a\000n\000c\000e\000\040\000L\000e\000a\000r\000n\000i\000n\000g}{section.15}% 112
\BOOKMARK [2][-]{subsection.15.6}{\376\377\000B\000l\000o\000o\000m\000b\000e\000r\000g}{section.15}% 113
\BOOKMARK [2][-]{subsection.15.7}{\376\377\000E\000i\000l\000e\000e\000n\000\040\000F\000i\000s\000h\000e\000r}{section.15}% 114
\BOOKMARK [2][-]{subsection.15.8}{\376\377\000W\000e\000i\000s\000s\000-\000A\000u\000g\000\040\000S\000u\000r\000g\000i\000c\000a\000l}{section.15}% 115
\BOOKMARK [2][-]{subsection.15.9}{\376\377\000C\000l\000e\000v\000e\000r\000\040\000D\000e\000v\000i\000c\000e\000s}{section.15}% 116
\BOOKMARK [2][-]{subsection.15.10}{\376\377\000L\000i\000n\000k\000s\000\040\000T\000e\000c\000h\000n\000o\000l\000o\000g\000y\000\040\000S\000o\000l\000u\000t\000i\000o\000n\000s}{section.15}% 117
\BOOKMARK [2][-]{subsection.15.11}{\376\377\000V\000e\000l\000a\000z}{section.15}% 118
\BOOKMARK [2][-]{subsection.15.12}{\376\377\000V\000e\000l\000a\000z}{section.15}% 119
\BOOKMARK [2][-]{subsection.15.13}{\376\377\000P\000y\000t\000h\000o\000n\000\040\000T\000e\000s\000t}{section.15}% 120
\BOOKMARK [2][-]{subsection.15.14}{\376\377\000C\000+\000+\000\040\000T\000e\000s\000t}{section.15}% 121
\BOOKMARK [1][-]{section.16}{\376\377\0001\0005\000\040\000D\000e\000c\000:\000\040\000S\000h\000o\000r\000t}{}% 122
\BOOKMARK [2][-]{subsection.16.1}{\376\377\000H\000a\000l\000l\000m\000a\000r\000k\000\040\000G\000l\000o\000b\000a\000l\000\040\000T\000e\000c\000h\000n\000o\000l\000o\000g\000i\000e\000s\000\040\000L\000t\000d}{section.16}% 123
\BOOKMARK [2][-]{subsection.16.2}{\376\377\000S\000k\000y\000\040\000C\000o\000n\000s\000u\000l\000t\000i\000n\000g\000\040\000I\000n\000c}{section.16}% 124
\BOOKMARK [2][-]{subsection.16.3}{\376\377\000O\000p\000e\000n\000t\000e\000n\000s\000o\000r\000\040\000F\000o\000u\000n\000d\000a\000t\000i\000o\000n}{section.16}% 125
\BOOKMARK [2][-]{subsection.16.4}{\376\377\000A\000S\000K\000\040\000C\000o\000n\000s\000u\000l\000t\000i\000n\000g}{section.16}% 126
\BOOKMARK [2][-]{subsection.16.5}{\376\377\000S\000h\000o\000r\000t\000L\000i\000s\000t\000\040\000R\000e\000c\000r\000u\000i\000t\000m\000e\000n\000t\000\040\000L\000i\000m\000i\000t\000e\000d}{section.16}% 127
\BOOKMARK [2][-]{subsection.16.6}{\376\377\000F\000u\000s\000i\000o\000n\000\040\000S\000o\000l\000a\000r\000\040\000E\000n\000e\000r\000g\000y}{section.16}% 128
\BOOKMARK [2][-]{subsection.16.7}{\376\377\000M\000G\000\040\000C\000o\000n\000c\000e\000p\000t\000s}{section.16}% 129
\BOOKMARK [2][-]{subsection.16.8}{\376\377\000H\000e\000a\000d\000y}{section.16}% 130
\BOOKMARK [2][-]{subsection.16.9}{\376\377\000B\000a\000c\000k\000s\000t\000a\000g\000e\000\040\000A\000V}{section.16}% 131
\BOOKMARK [2][-]{subsection.16.10}{\376\377\000O\000E\000C\000\040\000G\000r\000o\000u\000p}{section.16}% 132
\BOOKMARK [2][-]{subsection.16.11}{\376\377\000M\000a\000c\000h\000i\000n\000e\000\040\000L\000e\000a\000r\000n\000i\000n\000g\000\040\000T\000e\000s\000t}{section.16}% 133
\BOOKMARK [2][-]{subsection.16.12}{\376\377\000C\000o\000g\000n\000i\000t\000i\000v\000e\000\040\000A\000s\000s\000e\000s\000s\000m\000e\000n\000t}{section.16}% 134
\BOOKMARK [2][-]{subsection.16.13}{\376\377\000I\000n\000d\000e\000e\000d\000\040\000R\000e\000s\000u\000m\000e\000\040\000S\000n\000a\000n}{section.16}% 135
\BOOKMARK [2][-]{subsection.16.14}{\376\377\000I\000n\000d\000e\000e\000d\000\040\000S\000a\000l\000e\000s\000\040\000A\000s\000s\000e\000s\000s\000m\000e\000n\000t}{section.16}% 136
\BOOKMARK [2][-]{subsection.16.15}{\376\377\000m\000e\000s\000s\000a\000g\000e\000\040\000t\000o\000\040\000t\000h\000e\000\040\000c\000o\000n\000f\000i\000d\000e\000n\000t\000i\000a\000l\000\040\000j\000o\000b}{section.16}% 137
\BOOKMARK [1][-]{section.17}{\376\377\0001\0006\000\040\000D\000e\000c\000:\000\040\000S\000h\000o\000r\000t}{}% 138
\BOOKMARK [2][-]{subsection.17.1}{\376\377\000A\000l\000g\000o\000\040\000C\000a\000p\000i\000t\000a\000l\000\040\000G\000r\000o\000u\000p}{section.17}% 139
\BOOKMARK [2][-]{subsection.17.2}{\376\377\000M\000o\000l\000a\000t\000h\000a\000t\000i\000\040\000T\000e\000c\000h\000n\000o\000l\000o\000g\000y\000\040\000S\000o\000l\000u\000t\000i\000o\000n\000s}{section.17}% 140
\BOOKMARK [2][-]{subsection.17.3}{\376\377\000Y\000A\000S\000H\000\040\000T\000e\000c\000h\000n\000o\000l\000o\000g\000i\000e\000s}{section.17}% 141
\BOOKMARK [2][-]{subsection.17.4}{\376\377\000A\000l\000g\000o\000\040\000C\000a\000p\000i\000t\000a\000l\000\040\000G\000r\000o\000u\000p}{section.17}% 142
\BOOKMARK [2][-]{subsection.17.5}{\376\377\000L\000o\000r\000v\000i\000n\000\040\000T\000e\000c\000h\000n\000o\000l\000o\000g\000i\000e\000s\000\040\000I\000n\000c}{section.17}% 143
\BOOKMARK [2][-]{subsection.17.6}{\376\377\000C\000l\000e\000v\000e\000r\000\040\000D\000e\000v\000i\000c\000e\000s}{section.17}% 144
\BOOKMARK [2][-]{subsection.17.7}{\376\377\000D\000C\000I\000\040\000S\000o\000l\000u\000t\000i\000o\000n\000s}{section.17}% 145
\BOOKMARK [2][-]{subsection.17.8}{\376\377\000P\000r\000i\000m\000a\000r\000y\000\040\000T\000a\000l\000e\000n\000t\000\040\000P\000a\000r\000t\000n\000e\000r\000s}{section.17}% 146
\BOOKMARK [2][-]{subsection.17.9}{\376\377\000P\000a\000s\000o\000n\000a\000\040\000N\000\040\000A\000,\000\040\000I\000n\000c}{section.17}% 147
\BOOKMARK [2][-]{subsection.17.10}{\376\377\000Z\000T\000H\000\040\000T\000e\000c\000h}{section.17}% 148
\BOOKMARK [2][-]{subsection.17.11}{\376\377\000A\000S\000K\000\040\000C\000o\000n\000s\000u\000l\000t\000i\000n\000g}{section.17}% 149
\BOOKMARK [2][-]{subsection.17.12}{\376\377\000F\000u\000s\000i\000o\000n\000\040\000S\000o\000l\000a\000r}{section.17}% 150
\BOOKMARK [2][-]{subsection.17.13}{\376\377\000B\000a\000c\000k\000s\000t\000a\000g\000e\000\040\000A\000V}{section.17}% 151
\BOOKMARK [2][-]{subsection.17.14}{\376\377\000A\000n\000c\000h\000o\000r\000a}{section.17}% 152
\BOOKMARK [2][-]{subsection.17.15}{\376\377\000T\000r\000i\000n\000i\000t\000y\000\040\000S\000o\000l\000a\000r\000\040\000C\000a\000r\000e\000e\000r\000s}{section.17}% 153
\BOOKMARK [2][-]{subsection.17.16}{\376\377\000F\000i\000z\000z\000B\000u\000z\000z}{section.17}% 154
\BOOKMARK [1][-]{section.18}{\376\377\0001\0007\000\040\000D\000e\000c\000:\000\040\000S\000h\000o\000r\000t}{}% 155
\BOOKMARK [2][-]{subsection.18.1}{\376\377\000J\000o\000b\000o\000t}{section.18}% 156
\BOOKMARK [2][-]{subsection.18.2}{\376\377\000J\000o\000b\000o\000t}{section.18}% 157
\BOOKMARK [2][-]{subsection.18.3}{\376\377\000h\000u\000s\000h\000h\000.\000a\000i}{section.18}% 158
\BOOKMARK [2][-]{subsection.18.4}{\376\377\000T\000B\000D}{section.18}% 159
\BOOKMARK [2][-]{subsection.18.5}{\376\377\000C\000r\000e\000a\000t\000i\000v\000e\000\040\000G\000l\000o\000b\000a\000l\000\040\000C\000o\000n\000s\000u\000l\000t\000i\000n\000g}{section.18}% 160
\BOOKMARK [2][-]{subsection.18.6}{\376\377\000T\000r\000i\000n\000i\000t\000y\000\040\000S\000o\000l\000a\000r\000\040\000C\000a\000r\000e\000e\000r\000s}{section.18}% 161
\BOOKMARK [2][-]{subsection.18.7}{\376\377\000M\000a\000c\000q\000u\000a\000r\000i\000e\000\040\000G\000r\000o\000u\000p\000\040\000L\000i\000m\000i\000t\000e\000d}{section.18}% 162
\BOOKMARK [2][-]{subsection.18.8}{\376\377\000N\000e\000w\000\040\000Y\000o\000r\000k\000\040\000L\000i\000f\000e}{section.18}% 163
\BOOKMARK [2][-]{subsection.18.9}{\376\377\000P\000a\000s\000o\000n\000a\000\040\000N\000\040\000A\000,\000\040\000I\000n\000c\000.}{section.18}% 164
\BOOKMARK [2][-]{subsection.18.10}{\376\377\000C\000l\000e\000v\000e\000r\000\040\000D\000e\000v\000i\000c\000e\000s}{section.18}% 165
\BOOKMARK [2][-]{subsection.18.11}{\376\377\000J\000o\000b\000o\000t}{section.18}% 166
\BOOKMARK [2][-]{subsection.18.12}{\376\377\000C\000r\000o\000s\000s\000o\000v\000e\000r}{section.18}% 167
\BOOKMARK [2][-]{subsection.18.13}{\376\377\000J\000o\000b\000o\000t}{section.18}% 168
\BOOKMARK [2][-]{subsection.18.14}{\376\377\000M\000a\000c\000q\000u\000a\000r\000i\000e\000\040\000G\000r\000o\000u\000p\000\040\000L\000i\000m\000i\000t\000e\000d}{section.18}% 169
\BOOKMARK [2][-]{subsection.18.15}{\376\377\000N\000e\000w\000\040\000Y\000o\000r\000k\000\040\000L\000i\000f\000e}{section.18}% 170
\BOOKMARK [2][-]{subsection.18.16}{\376\377\000R\000a\000n\000d\000o\000m\000\040\000N\000u\000m\000b\000e\000r\000\040\000L\000i\000s\000t\000\040\000G\000e\000n\000e\000r\000a\000t\000o\000r}{section.18}% 171
\BOOKMARK [2][-]{subsection.18.17}{\376\377\000B\000S\000T\000\040\000I\000n\000s\000e\000r\000t}{section.18}% 172
\BOOKMARK [1][-]{section.19}{\376\377\0001\0008\000\040\000D\000e\000c\000:\000\040\000O\000o\000p\000s}{}% 173
\BOOKMARK [2][-]{subsection.19.1}{\376\377\000E\000v\000o\000l\000v\000e\000\040\000G\000r\000o\000u\000p}{section.19}% 174
\BOOKMARK [2][-]{subsection.19.2}{\376\377\000P\000r\000e\000c\000i\000s\000i\000o\000n\000\040\000T\000e\000c\000h\000n\000o\000l\000o\000g\000i\000e\000s}{section.19}% 175
\BOOKMARK [2][-]{subsection.19.3}{\376\377\000V\000a\000n\000d\000e\000r\000H\000o\000u\000w\000e\000n}{section.19}% 176
\BOOKMARK [2][-]{subsection.19.4}{\376\377\000G\000r\000a\000d\000i\000e\000n\000t\000\040\000Z\000e\000r\000o}{section.19}% 177
\BOOKMARK [2][-]{subsection.19.5}{\376\377\000T\000u\000r\000t\000l\000e\000\040\000R\000o\000c\000k\000\040\000S\000t\000u\000d\000i\000o\000s}{section.19}% 178
\BOOKMARK [2][-]{subsection.19.6}{\376\377\000N\000e\000w\000\040\000J\000e\000r\000s\000e\000y\000\040\000I\000n\000s\000t\000i\000t\000u\000t\000e\000\040\000o\000f\000\040\000T\000e\000c\000h\000n\000o\000l\000o\000g\000y}{section.19}% 179
\BOOKMARK [2][-]{subsection.19.7}{\376\377\000T\000r\000i\000u\000n\000i\000t\000y\000\040\000S\000o\000f\000t\000w\000a\000r\000e}{section.19}% 180
\BOOKMARK [2][-]{subsection.19.8}{\376\377\000I\000n\000f\000o\000o\000r\000i\000g\000i\000n\000\040\000i\000n\000c}{section.19}% 181
\BOOKMARK [2][-]{subsection.19.9}{\376\377\000H\000e\000i\000r\0008\000f\000i\000e\000d}{section.19}% 182
\BOOKMARK [2][-]{subsection.19.10}{\376\377\000C\000l\000a\000r\000i}{section.19}% 183
\BOOKMARK [2][-]{subsection.19.11}{\376\377\000P\000r\000e\000c\000i\000s\000i\000o\000n\000\040\000T\000e\000c\000h\000n\000o\000l\000o\000g\000i\000e\000s}{section.19}% 184
\BOOKMARK [2][-]{subsection.19.12}{\376\377\000P\000a\000s\000o\000n\000a}{section.19}% 185
\BOOKMARK [2][-]{subsection.19.13}{\376\377\000T\000r\000i\000u\000n\000i\000t\000y\000\040\000S\000o\000f\000t\000w\000a\000r\000e}{section.19}% 186
\BOOKMARK [2][-]{subsection.19.14}{\376\377\000J\000S\000\040\000S\000k\000i\000m\000m\000i\000n\000g}{section.19}% 187
\BOOKMARK [2][-]{subsection.19.15}{\376\377\000t\000h\000i\000n\000g}{section.19}% 188
\BOOKMARK [2][-]{subsection.19.16}{\376\377\000C\000h\000a\000l\000l\000e\000n\000g\000e}{section.19}% 189
\BOOKMARK [2][-]{subsection.19.17}{\376\377\000C\000h\000a\000l\000l\000e\000n\000g\000e}{section.19}% 190
\BOOKMARK [2][-]{subsection.19.18}{\376\377\000C\000h\000a\000l\000l\000e\000n\000g\000e}{section.19}% 191
\BOOKMARK [1][-]{section.20}{\376\377\0001\0009\000\040\000D\000e\000c\000:\000\040\000S\000h\000o\000r\000t}{}% 192
\BOOKMARK [2][-]{subsection.20.1}{\376\377\000c\000o\000m\000p\000a\000n\000y}{section.20}% 193
\BOOKMARK [2][-]{subsection.20.2}{\376\377\000c\000o\000m\000p\000a\000n\000y}{section.20}% 194
\BOOKMARK [2][-]{subsection.20.3}{\376\377\000c\000o\000m\000p\000a\000n\000y}{section.20}% 195
\BOOKMARK [2][-]{subsection.20.4}{\376\377\000c\000o\000m\000p\000a\000n\000y}{section.20}% 196
\BOOKMARK [2][-]{subsection.20.5}{\376\377\000c\000o\000m\000p\000a\000n\000y}{section.20}% 197
\BOOKMARK [2][-]{subsection.20.6}{\376\377\000c\000o\000m\000p\000a\000n\000y}{section.20}% 198
\BOOKMARK [2][-]{subsection.20.7}{\376\377\000c\000o\000m\000p\000a\000n\000y}{section.20}% 199
\BOOKMARK [2][-]{subsection.20.8}{\376\377\000c\000o\000m\000p\000a\000n\000y}{section.20}% 200
\BOOKMARK [2][-]{subsection.20.9}{\376\377\000c\000o\000m\000p\000a\000n\000y}{section.20}% 201
\BOOKMARK [2][-]{subsection.20.10}{\376\377\000c\000o\000m\000p\000a\000n\000y}{section.20}% 202
\BOOKMARK [2][-]{subsection.20.11}{\376\377\000J\000S}{section.20}% 203
\BOOKMARK [2][-]{subsection.20.12}{\376\377\000t\000h\000i\000n\000g}{section.20}% 204
\BOOKMARK [2][-]{subsection.20.13}{\376\377\000t\000h\000i\000n\000g}{section.20}% 205
\BOOKMARK [2][-]{subsection.20.14}{\376\377\000t\000h\000i\000n\000g}{section.20}% 206
\BOOKMARK [2][-]{subsection.20.15}{\376\377\000t\000h\000i\000n\000g}{section.20}% 207
\BOOKMARK [2][-]{subsection.20.16}{\376\377\000C\000h\000a\000l\000l\000e\000n\000g\000e}{section.20}% 208
\BOOKMARK [2][-]{subsection.20.17}{\376\377\000C\000h\000a\000l\000l\000e\000n\000g\000e}{section.20}% 209
\BOOKMARK [2][-]{subsection.20.18}{\376\377\000C\000h\000a\000l\000l\000e\000n\000g\000e}{section.20}% 210
\BOOKMARK [2][-]{subsection.20.19}{\376\377\000C\000h\000a\000l\000l\000e\000n\000g\000e}{section.20}% 211
\BOOKMARK [1][-]{section.21}{\376\377\0002\0000\000\040\000D\000e\000c\000:\000\040\000S\000h\000o\000r\000t}{}% 212
\BOOKMARK [2][-]{subsection.21.1}{\376\377\000c\000o\000m\000p\000a\000n\000y}{section.21}% 213
\BOOKMARK [2][-]{subsection.21.2}{\376\377\000c\000o\000m\000p\000a\000n\000y}{section.21}% 214
\BOOKMARK [2][-]{subsection.21.3}{\376\377\000c\000o\000m\000p\000a\000n\000y}{section.21}% 215
\BOOKMARK [2][-]{subsection.21.4}{\376\377\000c\000o\000m\000p\000a\000n\000y}{section.21}% 216
\BOOKMARK [2][-]{subsection.21.5}{\376\377\000c\000o\000m\000p\000a\000n\000y}{section.21}% 217
\BOOKMARK [2][-]{subsection.21.6}{\376\377\000c\000o\000m\000p\000a\000n\000y}{section.21}% 218
\BOOKMARK [2][-]{subsection.21.7}{\376\377\000c\000o\000m\000p\000a\000n\000y}{section.21}% 219
\BOOKMARK [2][-]{subsection.21.8}{\376\377\000c\000o\000m\000p\000a\000n\000y}{section.21}% 220
\BOOKMARK [2][-]{subsection.21.9}{\376\377\000c\000o\000m\000p\000a\000n\000y}{section.21}% 221
\BOOKMARK [2][-]{subsection.21.10}{\376\377\000c\000o\000m\000p\000a\000n\000y}{section.21}% 222
\BOOKMARK [2][-]{subsection.21.11}{\376\377\000t\000h\000i\000n\000g}{section.21}% 223
\BOOKMARK [2][-]{subsection.21.12}{\376\377\000t\000h\000i\000n\000g}{section.21}% 224
\BOOKMARK [2][-]{subsection.21.13}{\376\377\000t\000h\000i\000n\000g}{section.21}% 225
\BOOKMARK [2][-]{subsection.21.14}{\376\377\000t\000h\000i\000n\000g}{section.21}% 226
\BOOKMARK [2][-]{subsection.21.15}{\376\377\000t\000h\000i\000n\000g}{section.21}% 227
\BOOKMARK [2][-]{subsection.21.16}{\376\377\000C\000h\000a\000l\000l\000e\000n\000g\000e}{section.21}% 228
\BOOKMARK [2][-]{subsection.21.17}{\376\377\000C\000h\000a\000l\000l\000e\000n\000g\000e}{section.21}% 229
\BOOKMARK [2][-]{subsection.21.18}{\376\377\000C\000h\000a\000l\000l\000e\000n\000g\000e}{section.21}% 230
\BOOKMARK [2][-]{subsection.21.19}{\376\377\000C\000h\000a\000l\000l\000e\000n\000g\000e}{section.21}% 231
\BOOKMARK [2][-]{subsection.21.20}{\376\377\000C\000h\000a\000l\000l\000e\000n\000g\000e}{section.21}% 232
\BOOKMARK [1][-]{subsection.21.20}{\376\377\000R\000e\000f\000e\000r\000e\000n\000c\000e\000\040\000L\000i\000s\000t}{}% 233
