This is pdfTeX, Version 3.141592653-2.6-1.40.25 (TeX Live 2023) (preloaded format=pdflatex 2023.9.29)  21 DEC 2023 12:05
entering extended mode
 restricted \write18 enabled.
 file:line:error style messages enabled.
 %&-line parsing enabled.
**e:/Documents/School/Career/j-elliot.github.io/ProjectDoc/JobHunt.tex
(e:/Documents/School/Career/j-elliot.github.io/ProjectDoc/JobHunt.tex
LaTeX2e <2023-06-01> patch level 1
L3 programming layer <2023-08-29>
(./CSSullivanBusinessReport.cls
Document Class: CSSullivanBusinessReport 2022/05/05 Creodocs Sullivan Business Report Class v1.0
(c:/texlive/2023/texmf-dist/tex/latex/etoolbox/etoolbox.sty
Package: etoolbox 2020/10/05 v2.5k e-TeX tools for LaTeX (JAW)
\etb@tempcnta=\count185
) (c:/texlive/2023/texmf-dist/tex/latex/base/article.cls
Document Class: article 2023/05/17 v1.4n Standard LaTeX document class
(c:/texlive/2023/texmf-dist/tex/latex/base/size12.clo
File: size12.clo 2023/05/17 v1.4n Standard LaTeX file (size option)
)
\c@part=\count186
\c@section=\count187
\c@subsection=\count188
\c@subsubsection=\count189
\c@paragraph=\count190
\c@subparagraph=\count191
\c@figure=\count192
\c@table=\count193
\abovecaptionskip=\skip48
\belowcaptionskip=\skip49
\bibindent=\dimen140
) (c:/texlive/2023/texmf-dist/tex/latex/graphics/graphicx.sty
Package: graphicx 2021/09/16 v1.2d Enhanced LaTeX Graphics (DPC,SPQR)
 (c:/texlive/2023/texmf-dist/tex/latex/graphics/keyval.sty
Package: keyval 2022/05/29 v1.15 key=value parser (DPC)
\KV@toks@=\toks17
) (c:/texlive/2023/texmf-dist/tex/latex/graphics/graphics.sty
Package: graphics 2022/03/10 v1.4e Standard LaTeX Graphics (DPC,SPQR)
 (c:/texlive/2023/texmf-dist/tex/latex/graphics/trig.sty
Package: trig 2021/08/11 v1.11 sin cos tan (DPC)
) (c:/texlive/2023/texmf-dist/tex/latex/graphics-cfg/graphics.cfg
File: graphics.cfg 2016/06/04 v1.11 sample graphics configuration
)
Package graphics Info: Driver file: pdftex.def on input line 107.
 (c:/texlive/2023/texmf-dist/tex/latex/graphics-def/pdftex.def
File: pdftex.def 2022/09/22 v1.2b Graphics/color driver for pdftex
))
\Gin@req@height=\dimen141
\Gin@req@width=\dimen142
) (c:/texlive/2023/texmf-dist/tex/latex/footmisc/footmisc.sty
Package: footmisc 2023/07/05 v6.0f a miscellany of footnote facilities
\FN@temptoken=\toks18
\footnotemargin=\dimen143
\@outputbox@depth=\dimen144
Package footmisc Info: Declaring symbol style bringhurst on input line 696.
Package footmisc Info: Declaring symbol style chicago on input line 704.
Package footmisc Info: Declaring symbol style wiley on input line 713.
Package footmisc Info: Declaring symbol style lamport-robust on input line 724.
Package footmisc Info: Declaring symbol style lamport* on input line 744.
Package footmisc Info: Declaring symbol style lamport*-robust on input line 765.
) (c:/texlive/2023/texmf-dist/tex/latex/ragged2e/ragged2e.sty
Package: ragged2e 2023/06/22 v3.6 ragged2e Package
\CenteringLeftskip=\skip50
\RaggedLeftLeftskip=\skip51
\RaggedRightLeftskip=\skip52
\CenteringRightskip=\skip53
\RaggedLeftRightskip=\skip54
\RaggedRightRightskip=\skip55
\CenteringParfillskip=\skip56
\RaggedLeftParfillskip=\skip57
\RaggedRightParfillskip=\skip58
\JustifyingParfillskip=\skip59
\CenteringParindent=\skip60
\RaggedLeftParindent=\skip61
\RaggedRightParindent=\skip62
\JustifyingParindent=\skip63
) (c:/texlive/2023/texmf-dist/tex/latex/lastpage/lastpage.sty
Package: lastpage 2023/07/24 v2.0c lastpage: 2.09 or 2e? (HMM)
 (c:/texlive/2023/texmf-dist/tex/latex/lastpage/lastpage2e.sty
Package: lastpage2e 2023/07/24 v2.0c Decide which 2e lastpage version to use (HMM)
 (c:/texlive/2023/texmf-dist/tex/latex/lastpage/lastpagemodern.sty
Package: lastpagemodern 2023-07-24 v2.0c Refers to last page's name (HMM; JPG)
) 
)) (c:/texlive/2023/texmf-dist/tex/latex/appendix/appendix.sty
Package: appendix 2020/02/08 v1.2c extra appendix facilities
\c@@pps=\count194
\c@@ppsavesec=\count195
\c@@ppsaveapp=\count196
) (c:/texlive/2023/texmf-dist/tex/latex/float/float.sty
Package: float 2001/11/08 v1.3d Float enhancements (AL)
\c@float@type=\count197
\float@exts=\toks19
\float@box=\box51
\@float@everytoks=\toks20
\@floatcapt=\box52
) (c:/texlive/2023/texmf-dist/tex/latex/geometry/geometry.sty
Package: geometry 2020/01/02 v5.9 Page Geometry
 (c:/texlive/2023/texmf-dist/tex/generic/iftex/ifvtex.sty
Package: ifvtex 2019/10/25 v1.7 ifvtex legacy package. Use iftex instead.
 (c:/texlive/2023/texmf-dist/tex/generic/iftex/iftex.sty
Package: iftex 2022/02/03 v1.0f TeX engine tests
))
\Gm@cnth=\count198
\Gm@cntv=\count199
\c@Gm@tempcnt=\count266
\Gm@bindingoffset=\dimen145
\Gm@wd@mp=\dimen146
\Gm@odd@mp=\dimen147
\Gm@even@mp=\dimen148
\Gm@layoutwidth=\dimen149
\Gm@layoutheight=\dimen150
\Gm@layouthoffset=\dimen151
\Gm@layoutvoffset=\dimen152
\Gm@dimlist=\toks21
) (c:/texlive/2023/texmf-dist/tex/latex/sidenotes/sidenotes.sty (c:/texlive/2023/texmf-dist/tex/latex/l3packages/l3keys2e/l3keys2e.sty (c:/texlive/2023/texmf-dist/tex/latex/l3kernel/expl3.sty
Package: expl3 2023-08-29 L3 programming layer (loader) 
 (c:/texlive/2023/texmf-dist/tex/latex/l3backend/l3backend-pdftex.def
File: l3backend-pdftex.def 2023-04-19 L3 backend support: PDF output (pdfTeX)
\l__color_backend_stack_int=\count267
\l__pdf_internal_box=\box53
))
Package: l3keys2e 2023-08-29 LaTeX2e option processing using LaTeX3 keys
)
Package: sidenotes 2016/04/21 v1.00 rich text in the margin for LaTeX
 (c:/texlive/2023/texmf-dist/tex/latex/marginnote/marginnote.sty
Package: marginnote 2018/08/09 1.4b non floating margin notes for LaTeX
\c@mn@abspage=\count268
) (c:/texlive/2023/texmf-dist/tex/latex/caption/caption.sty
Package: caption 2023/07/31 v3.6n Customizing captions (AR)
 (c:/texlive/2023/texmf-dist/tex/latex/caption/caption3.sty
Package: caption3 2023/07/31 v2.4d caption3 kernel (AR)
\caption@tempdima=\dimen153
\captionmargin=\dimen154
\caption@leftmargin=\dimen155
\caption@rightmargin=\dimen156
\caption@width=\dimen157
\caption@indent=\dimen158
\caption@parindent=\dimen159
\caption@hangindent=\dimen160
Package caption Info: Standard document class detected.
)
\c@caption@flags=\count269
\c@continuedfloat=\count270
Package caption Info: float package is loaded.
) (c:/texlive/2023/texmf-dist/tex/latex/l3packages/xparse/xparse.sty
Package: xparse 2023-08-29 L3 Experimental document command parser
) (c:/texlive/2023/texmf-dist/tex/latex/changepage/changepage.sty
Package: changepage 2009/10/20 v1.0c check page and change page layout
\c@cp@cntr=\count271
\cp@tempcnt=\count272
)
\c@sidenote=\count273
\@sidenotes@marginfigurebox=\box54
\@sidenotes@margintablebox=\box55
)
\fulltextwidth=\skip64
 (c:/texlive/2023/texmf-dist/tex/latex/base/inputenc.sty
Package: inputenc 2021/02/14 v1.3d Input encoding file
\inpenc@prehook=\toks22
\inpenc@posthook=\toks23
) (c:/texlive/2023/texmf-dist/tex/latex/base/fontenc.sty
Package: fontenc 2021/04/29 v2.0v Standard LaTeX package
) (c:/texlive/2023/texmf-dist/tex/latex/psnfss/mathpazo.sty
Package: mathpazo 2020/03/25 PSNFSS-v9.3 Palatino w/ Pazo Math (D.Puga, WaS) 
\symupright=\mathgroup4
) (c:/texlive/2023/texmf-dist/tex/latex/plex/plex-sans.sty
Package: plex-sans 2023/09/07 (Bob Tennent) Style file for IBMPlexSans fonts
 (c:/texlive/2023/texmf-dist/tex/generic/iftex/ifxetex.sty
Package: ifxetex 2019/10/25 v0.7 ifxetex legacy package. Use iftex instead.
) (c:/texlive/2023/texmf-dist/tex/generic/iftex/ifluatex.sty
Package: ifluatex 2019/10/25 v1.5 ifluatex legacy package. Use iftex instead.
) (c:/texlive/2023/texmf-dist/tex/latex/xkeyval/xkeyval.sty
Package: xkeyval 2022/06/16 v2.9 package option processing (HA)
 (c:/texlive/2023/texmf-dist/tex/generic/xkeyval/xkeyval.tex (c:/texlive/2023/texmf-dist/tex/generic/xkeyval/xkvutils.tex
\XKV@toks=\toks24
\XKV@tempa@toks=\toks25
)
\XKV@depth=\count274
File: xkeyval.tex 2014/12/03 v2.7a key=value parser (HA)
)) (c:/texlive/2023/texmf-dist/tex/latex/base/textcomp.sty
Package: textcomp 2020/02/02 v2.0n Standard LaTeX package
) (c:/texlive/2023/texmf-dist/tex/latex/base/fontenc.sty
Package: fontenc 2021/04/29 v2.0v Standard LaTeX package
LaTeX Font Info:    Trying to load font information for T1+ppl on input line 112.
 (c:/texlive/2023/texmf-dist/tex/latex/psnfss/t1ppl.fd
File: t1ppl.fd 2001/06/04 font definitions for T1/ppl.
)) (c:/texlive/2023/texmf-dist/tex/latex/fontaxes/fontaxes.sty
Package: fontaxes 2020/07/21 v1.0e Font selection axes
LaTeX Info: Redefining \upshape on input line 29.
LaTeX Info: Redefining \itshape on input line 31.
LaTeX Info: Redefining \slshape on input line 33.
LaTeX Info: Redefining \swshape on input line 35.
LaTeX Info: Redefining \scshape on input line 37.
LaTeX Info: Redefining \sscshape on input line 39.
LaTeX Info: Redefining \ulcshape on input line 41.
LaTeX Info: Redefining \textsw on input line 47.
LaTeX Info: Redefining \textssc on input line 48.
LaTeX Info: Redefining \textulc on input line 49.
)) (c:/texlive/2023/texmf-dist/tex/latex/plex/plex-serif.sty
Package: plex-serif 2023/09/07 (Bob Tennent) Style file for IBMPlexSerif fonts
 (c:/texlive/2023/texmf-dist/tex/latex/base/fontenc.sty
Package: fontenc 2021/04/29 v2.0v Standard LaTeX package
LaTeX Font Info:    Trying to load font information for T1+plxSans-TLF on input line 112.
 (c:/texlive/2023/texmf-dist/tex/latex/plex/T1plxSans-TLF.fd
File: T1plxSans-TLF.fd 2023/09/07 (autoinst) Font definitions for T1/plxSans-TLF.
))
LaTeX Info: Redefining \textsu on input line 80.
) (c:/texlive/2023/texmf-dist/tex/latex/plex/plex-mono.sty
Package: plex-mono 2023/09/07 (Bob Tennent) Style file for IBMPlexMono fonts
 (c:/texlive/2023/texmf-dist/tex/latex/base/fontenc.sty
Package: fontenc 2021/04/29 v2.0v Standard LaTeX package
)) (c:/texlive/2023/texmf-dist/tex/latex/fancyhdr/fancyhdr.sty
Package: fancyhdr 2022/11/09 v4.1 Extensive control of page headers and footers
\f@nch@headwidth=\skip65
\f@nch@O@elh=\skip66
\f@nch@O@erh=\skip67
\f@nch@O@olh=\skip68
\f@nch@O@orh=\skip69
\f@nch@O@elf=\skip70
\f@nch@O@erf=\skip71
\f@nch@O@olf=\skip72
\f@nch@O@orf=\skip73
) (c:/texlive/2023/texmf-dist/tex/latex/tools/calc.sty
Package: calc 2017/05/25 v4.3 Infix arithmetic (KKT,FJ)
\calc@Acount=\count275
\calc@Bcount=\count276
\calc@Adimen=\dimen161
\calc@Bdimen=\dimen162
\calc@Askip=\skip74
\calc@Bskip=\skip75
LaTeX Info: Redefining \setlength on input line 80.
LaTeX Info: Redefining \addtolength on input line 81.
\calc@Ccount=\count277
\calc@Cskip=\skip76
)
\marginoffset=\skip77
 (c:/texlive/2023/texmf-dist/tex/latex/titlesec/titlesec.sty
Package: titlesec 2021/07/05 v2.14 Sectioning titles
\ttl@box=\box56
\beforetitleunit=\skip78
\aftertitleunit=\skip79
\ttl@plus=\dimen163
\ttl@minus=\dimen164
\ttl@toksa=\toks26
\titlewidth=\dimen165
\titlewidthlast=\dimen166
\titlewidthfirst=\dimen167
) (c:/texlive/2023/texmf-dist/tex/latex/titlesec/titletoc.sty
Package: titletoc 2021/07/05 v2.14 TOC entries
\ttl@leftsep=\dimen168
) (c:/texlive/2023/texmf-dist/tex/latex/xcolor/xcolor.sty
Package: xcolor 2022/06/12 v2.14 LaTeX color extensions (UK)
 (c:/texlive/2023/texmf-dist/tex/latex/graphics-cfg/color.cfg
File: color.cfg 2016/01/02 v1.6 sample color configuration
)
Package xcolor Info: Package option `usenames' ignored on input line 218.
Package xcolor Info: Driver file: pdftex.def on input line 227.
 (c:/texlive/2023/texmf-dist/tex/latex/graphics/mathcolor.ltx)
Package xcolor Info: Model `cmy' substituted by `cmy0' on input line 1353.
Package xcolor Info: Model `hsb' substituted by `rgb' on input line 1357.
Package xcolor Info: Model `RGB' extended on input line 1369.
Package xcolor Info: Model `HTML' substituted by `rgb' on input line 1371.
Package xcolor Info: Model `Hsb' substituted by `hsb' on input line 1372.
Package xcolor Info: Model `tHsb' substituted by `hsb' on input line 1373.
Package xcolor Info: Model `HSB' substituted by `hsb' on input line 1374.
Package xcolor Info: Model `Gray' substituted by `gray' on input line 1375.
Package xcolor Info: Model `wave' substituted by `hsb' on input line 1376.
 (c:/texlive/2023/texmf-dist/tex/latex/xcolor/svgnam.def
File: svgnam.def 2022/06/12 v2.14 Predefined colors according to SVG 1.1 (UK)
)) (c:/texlive/2023/texmf-dist/tex/latex/biblatex/biblatex.sty
Package: biblatex 2023/03/05 v3.19 programmable bibliographies (PK/MW)
 (c:/texlive/2023/texmf-dist/tex/generic/pdftexcmds/pdftexcmds.sty
Package: pdftexcmds 2020-06-27 v0.33 Utility functions of pdfTeX for LuaTeX (HO)
 (c:/texlive/2023/texmf-dist/tex/generic/infwarerr/infwarerr.sty
Package: infwarerr 2019/12/03 v1.5 Providing info/warning/error messages (HO)
) (c:/texlive/2023/texmf-dist/tex/generic/ltxcmds/ltxcmds.sty
Package: ltxcmds 2020-05-10 v1.25 LaTeX kernel commands for general use (HO)
)
Package pdftexcmds Info: \pdf@primitive is available.
Package pdftexcmds Info: \pdf@ifprimitive is available.
Package pdftexcmds Info: \pdfdraftmode found.
) (c:/texlive/2023/texmf-dist/tex/latex/kvoptions/kvoptions.sty
Package: kvoptions 2022-06-15 v3.15 Key value format for package options (HO)
 (c:/texlive/2023/texmf-dist/tex/latex/kvsetkeys/kvsetkeys.sty
Package: kvsetkeys 2022-10-05 v1.19 Key value parser (HO)
)) (c:/texlive/2023/texmf-dist/tex/latex/logreq/logreq.sty
Package: logreq 2010/08/04 v1.0 xml request logger
\lrq@indent=\count278
 (c:/texlive/2023/texmf-dist/tex/latex/logreq/logreq.def
File: logreq.def 2010/08/04 v1.0 logreq spec v1.0
)) (c:/texlive/2023/texmf-dist/tex/latex/base/ifthen.sty
Package: ifthen 2022/04/13 v1.1d Standard LaTeX ifthen package (DPC)
) (c:/texlive/2023/texmf-dist/tex/latex/url/url.sty
\Urlmuskip=\muskip16
Package: url 2013/09/16  ver 3.4  Verb mode for urls, etc.
)
\c@tabx@nest=\count279
\c@listtotal=\count280
\c@listcount=\count281
\c@liststart=\count282
\c@liststop=\count283
\c@citecount=\count284
\c@citetotal=\count285
\c@multicitecount=\count286
\c@multicitetotal=\count287
\c@instcount=\count288
\c@maxnames=\count289
\c@minnames=\count290
\c@maxitems=\count291
\c@minitems=\count292
\c@citecounter=\count293
\c@maxcitecounter=\count294
\c@savedcitecounter=\count295
\c@uniquelist=\count296
\c@uniquename=\count297
\c@refsection=\count298
\c@refsegment=\count299
\c@maxextratitle=\count300
\c@maxextratitleyear=\count301
\c@maxextraname=\count302
\c@maxextradate=\count303
\c@maxextraalpha=\count304
\c@abbrvpenalty=\count305
\c@highnamepenalty=\count306
\c@lownamepenalty=\count307
\c@maxparens=\count308
\c@parenlevel=\count309
\blx@tempcnta=\count310
\blx@tempcntb=\count311
\blx@tempcntc=\count312
\c@blx@maxsection=\count313
\blx@maxsegment@0=\count314
\blx@notetype=\count315
\blx@parenlevel@text=\count316
\blx@parenlevel@foot=\count317
\blx@sectionciteorder@0=\count318
\blx@sectionciteorderinternal@0=\count319
\blx@entrysetcounter=\count320
\blx@biblioinstance=\count321
\labelnumberwidth=\skip80
\labelalphawidth=\skip81
\biblabelsep=\skip82
\bibitemsep=\skip83
\bibnamesep=\skip84
\bibinitsep=\skip85
\bibparsep=\skip86
\bibhang=\skip87
\blx@bcfin=\read2
\blx@bcfout=\write3
\blx@langwohyphens=\language89
\c@mincomprange=\count322
\c@maxcomprange=\count323
\c@mincompwidth=\count324
Package biblatex Info: Trying to load biblatex default data model...
Package biblatex Info: ... file 'blx-dm.def' found.
 (c:/texlive/2023/texmf-dist/tex/latex/biblatex/blx-dm.def
File: blx-dm.def 2023/03/05 v3.19 biblatex localization (PK/MW)
)
Package biblatex Info: Trying to load biblatex citestyle data model...
Package biblatex Info: ... file 'numeric.dbx' not found.
Package biblatex Info: Trying to load biblatex custom data model...
Package biblatex Info: ... file 'biblatex-dm.cfg' not found.
\c@afterword=\count325
\c@savedafterword=\count326
\c@annotator=\count327
\c@savedannotator=\count328
\c@author=\count329
\c@savedauthor=\count330
\c@bookauthor=\count331
\c@savedbookauthor=\count332
\c@commentator=\count333
\c@savedcommentator=\count334
\c@editor=\count335
\c@savededitor=\count336
\c@editora=\count337
\c@savededitora=\count338
\c@editorb=\count339
\c@savededitorb=\count340
\c@editorc=\count341
\c@savededitorc=\count342
\c@foreword=\count343
\c@savedforeword=\count344
\c@holder=\count345
\c@savedholder=\count346
\c@introduction=\count347
\c@savedintroduction=\count348
\c@namea=\count349
\c@savednamea=\count350
\c@nameb=\count351
\c@savednameb=\count352
\c@namec=\count353
\c@savednamec=\count354
\c@translator=\count355
\c@savedtranslator=\count356
\c@shortauthor=\count357
\c@savedshortauthor=\count358
\c@shorteditor=\count359
\c@savedshorteditor=\count360
\c@labelname=\count361
\c@savedlabelname=\count362
\c@institution=\count363
\c@savedinstitution=\count364
\c@lista=\count365
\c@savedlista=\count366
\c@listb=\count367
\c@savedlistb=\count368
\c@listc=\count369
\c@savedlistc=\count370
\c@listd=\count371
\c@savedlistd=\count372
\c@liste=\count373
\c@savedliste=\count374
\c@listf=\count375
\c@savedlistf=\count376
\c@location=\count377
\c@savedlocation=\count378
\c@organization=\count379
\c@savedorganization=\count380
\c@origlocation=\count381
\c@savedoriglocation=\count382
\c@origpublisher=\count383
\c@savedorigpublisher=\count384
\c@publisher=\count385
\c@savedpublisher=\count386
\c@language=\count387
\c@savedlanguage=\count388
\c@origlanguage=\count389
\c@savedoriglanguage=\count390
\c@pageref=\count391
\c@savedpageref=\count392
\shorthandwidth=\skip88
\shortjournalwidth=\skip89
\shortserieswidth=\skip90
\shorttitlewidth=\skip91
\shortauthorwidth=\skip92
\shorteditorwidth=\skip93
\locallabelnumberwidth=\skip94
\locallabelalphawidth=\skip95
\localshorthandwidth=\skip96
\localshortjournalwidth=\skip97
\localshortserieswidth=\skip98
\localshorttitlewidth=\skip99
\localshortauthorwidth=\skip100
\localshorteditorwidth=\skip101
Package biblatex Info: Trying to load compatibility code...
Package biblatex Info: ... file 'blx-compat.def' found.
 (c:/texlive/2023/texmf-dist/tex/latex/biblatex/blx-compat.def
File: blx-compat.def 2023/03/05 v3.19 biblatex compatibility (PK/MW)
)
Package biblatex Info: Trying to load generic definitions...
Package biblatex Info: ... file 'biblatex.def' found.
 (c:/texlive/2023/texmf-dist/tex/latex/biblatex/biblatex.def
File: biblatex.def 2023/03/05 v3.19 biblatex compatibility (PK/MW)
\c@textcitecount=\count393
\c@textcitetotal=\count394
\c@textcitemaxnames=\count395
\c@biburlbigbreakpenalty=\count396
\c@biburlbreakpenalty=\count397
\c@biburlnumpenalty=\count398
\c@biburlucpenalty=\count399
\c@biburllcpenalty=\count400
\biburlbigskip=\muskip17
\biburlnumskip=\muskip18
\biburlucskip=\muskip19
\biburllcskip=\muskip20
\c@smartand=\count401
)
Package biblatex Info: Trying to load bibliography style 'numeric'...
Package biblatex Info: ... file 'numeric.bbx' found.
 (c:/texlive/2023/texmf-dist/tex/latex/biblatex/bbx/numeric.bbx
File: numeric.bbx 2023/03/05 v3.19 biblatex bibliography style (PK/MW)
Package biblatex Info: Trying to load bibliography style 'standard'...
Package biblatex Info: ... file 'standard.bbx' found.
 (c:/texlive/2023/texmf-dist/tex/latex/biblatex/bbx/standard.bbx
File: standard.bbx 2023/03/05 v3.19 biblatex bibliography style (PK/MW)
\c@bbx:relatedcount=\count402
\c@bbx:relatedtotal=\count403
))
Package biblatex Info: Trying to load citation style 'numeric'...
Package biblatex Info: ... file 'numeric.cbx' found.
 (c:/texlive/2023/texmf-dist/tex/latex/biblatex/cbx/numeric.cbx
File: numeric.cbx 2023/03/05 v3.19 biblatex citation style (PK/MW)
Package biblatex Info: Redefining '\cite'.
Package biblatex Info: Redefining '\parencite'.
Package biblatex Info: Redefining '\footcite'.
Package biblatex Info: Redefining '\footcitetext'.
Package biblatex Info: Redefining '\smartcite'.
Package biblatex Info: Redefining '\supercite'.
Package biblatex Info: Redefining '\textcite'.
Package biblatex Info: Redefining '\textcites'.
Package biblatex Info: Redefining '\cites'.
Package biblatex Info: Redefining '\parencites'.
Package biblatex Info: Redefining '\smartcites'.
)
Package biblatex Info: Trying to load configuration file...
Package biblatex Info: ... file 'biblatex.cfg' found.
 (c:/texlive/2023/texmf-dist/tex/latex/biblatex/biblatex.cfg
File: biblatex.cfg 
)
Package biblatex Info: Input encoding 'utf8' detected.
Package biblatex Info: Document encoding is UTF8 ....
Package biblatex Info: ... and expl3
(biblatex)             2023-08-29 L3 programming layer (loader) 
(biblatex)             is new enough (at least 2020/04/06),
(biblatex)             setting 'casechanger=expl3'.
 (c:/texlive/2023/texmf-dist/tex/latex/biblatex/blx-case-expl3.sty
Package: blx-case-expl3 2023/03/05 v3.19 expl3 case changing code for biblatex
)) (c:/texlive/2023/texmf-dist/tex/latex/booktabs/booktabs.sty
Package: booktabs 2020/01/12 v1.61803398 Publication quality tables
\heavyrulewidth=\dimen169
\lightrulewidth=\dimen170
\cmidrulewidth=\dimen171
\belowrulesep=\dimen172
\belowbottomsep=\dimen173
\aboverulesep=\dimen174
\abovetopsep=\dimen175
\cmidrulesep=\dimen176
\cmidrulekern=\dimen177
\defaultaddspace=\dimen178
\@cmidla=\count404
\@cmidlb=\count405
\@aboverulesep=\dimen179
\@belowrulesep=\dimen180
\@thisruleclass=\count406
\@lastruleclass=\count407
\@thisrulewidth=\dimen181
) (c:/texlive/2023/texmf-dist/tex/latex/tools/array.sty
Package: array 2022/09/04 v2.5g Tabular extension package (FMi)
\col@sep=\dimen182
\ar@mcellbox=\box57
\extrarowheight=\dimen183
\NC@list=\toks27
\extratabsurround=\skip102
\backup@length=\skip103
\ar@cellbox=\box58
) (c:/texlive/2023/texmf-dist/tex/latex/enumitem/enumitem.sty
Package: enumitem 2019/06/20 v3.9 Customized lists
\labelindent=\skip104
\enit@outerparindent=\dimen184
\enit@toks=\toks28
\enit@inbox=\box59
\enit@count@id=\count408
\enitdp@description=\count409
) (c:/texlive/2023/texmf-dist/tex/latex/hyperref/hyperref.sty
Package: hyperref 2023-07-08 v7.01b Hypertext links for LaTeX
 (c:/texlive/2023/texmf-dist/tex/generic/kvdefinekeys/kvdefinekeys.sty
Package: kvdefinekeys 2019-12-19 v1.6 Define keys (HO)
) (c:/texlive/2023/texmf-dist/tex/generic/pdfescape/pdfescape.sty
Package: pdfescape 2019/12/09 v1.15 Implements pdfTeX's escape features (HO)
) (c:/texlive/2023/texmf-dist/tex/latex/hycolor/hycolor.sty
Package: hycolor 2020-01-27 v1.10 Color options for hyperref/bookmark (HO)
) (c:/texlive/2023/texmf-dist/tex/latex/letltxmacro/letltxmacro.sty
Package: letltxmacro 2019/12/03 v1.6 Let assignment for LaTeX macros (HO)
) (c:/texlive/2023/texmf-dist/tex/latex/auxhook/auxhook.sty
Package: auxhook 2019-12-17 v1.6 Hooks for auxiliary files (HO)
) (c:/texlive/2023/texmf-dist/tex/latex/hyperref/nameref.sty
Package: nameref 2023-08-07 v2.53 Cross-referencing by name of section
 (c:/texlive/2023/texmf-dist/tex/latex/refcount/refcount.sty
Package: refcount 2019/12/15 v3.6 Data extraction from label references (HO)
) (c:/texlive/2023/texmf-dist/tex/generic/gettitlestring/gettitlestring.sty
Package: gettitlestring 2019/12/15 v1.6 Cleanup title references (HO)
)
\c@section@level=\count410
)
\@linkdim=\dimen185
\Hy@linkcounter=\count411
\Hy@pagecounter=\count412
 (c:/texlive/2023/texmf-dist/tex/latex/hyperref/pd1enc.def
File: pd1enc.def 2023-07-08 v7.01b Hyperref: PDFDocEncoding definition (HO)
Now handling font encoding PD1 ...
... no UTF-8 mapping file for font encoding PD1
) (c:/texlive/2023/texmf-dist/tex/generic/intcalc/intcalc.sty
Package: intcalc 2019/12/15 v1.3 Expandable calculations with integers (HO)
)
\Hy@SavedSpaceFactor=\count413
 (c:/texlive/2023/texmf-dist/tex/latex/hyperref/puenc.def
File: puenc.def 2023-07-08 v7.01b Hyperref: PDF Unicode definition (HO)
Now handling font encoding PU ...
... no UTF-8 mapping file for font encoding PU
)
Package hyperref Info: Hyper figures OFF on input line 4167.
Package hyperref Info: Link nesting OFF on input line 4172.
Package hyperref Info: Hyper index ON on input line 4175.
Package hyperref Info: Plain pages OFF on input line 4182.
Package hyperref Info: Backreferencing OFF on input line 4187.
Package hyperref Info: Implicit mode ON; LaTeX internals redefined.
Package hyperref Info: Bookmarks ON on input line 4434.
\c@Hy@tempcnt=\count414
LaTeX Info: Redefining \url on input line 4772.
\XeTeXLinkMargin=\dimen186
 (c:/texlive/2023/texmf-dist/tex/generic/bitset/bitset.sty
Package: bitset 2019/12/09 v1.3 Handle bit-vector datatype (HO)
 (c:/texlive/2023/texmf-dist/tex/generic/bigintcalc/bigintcalc.sty
Package: bigintcalc 2019/12/15 v1.5 Expandable calculations on big integers (HO)
))
\Fld@menulength=\count415
\Field@Width=\dimen187
\Fld@charsize=\dimen188
Package hyperref Info: Hyper figures OFF on input line 6051.
Package hyperref Info: Link nesting OFF on input line 6056.
Package hyperref Info: Hyper index ON on input line 6059.
Package hyperref Info: backreferencing OFF on input line 6066.
Package hyperref Info: Link coloring OFF on input line 6071.
Package hyperref Info: Link coloring with OCG OFF on input line 6076.
Package hyperref Info: PDF/A mode OFF on input line 6081.
 (c:/texlive/2023/texmf-dist/tex/latex/base/atbegshi-ltx.sty
Package: atbegshi-ltx 2021/01/10 v1.0c Emulation of the original atbegshi
package with kernel methods
)
\Hy@abspage=\count416
\c@Item=\count417
\c@Hfootnote=\count418
)
Package hyperref Info: Driver (autodetected): hpdftex.
 (c:/texlive/2023/texmf-dist/tex/latex/hyperref/hpdftex.def
File: hpdftex.def 2023-07-08 v7.01b Hyperref driver for pdfTeX
 (c:/texlive/2023/texmf-dist/tex/latex/base/atveryend-ltx.sty
Package: atveryend-ltx 2020/08/19 v1.0a Emulation of the original atveryend package
with kernel methods
)
\Fld@listcount=\count419
\c@bookmark@seq@number=\count420
 (c:/texlive/2023/texmf-dist/tex/latex/rerunfilecheck/rerunfilecheck.sty
Package: rerunfilecheck 2022-07-10 v1.10 Rerun checks for auxiliary files (HO)
 (c:/texlive/2023/texmf-dist/tex/generic/uniquecounter/uniquecounter.sty
Package: uniquecounter 2019/12/15 v1.4 Provide unlimited unique counter (HO)
)
Package uniquecounter Info: New unique counter `rerunfilecheck' on input line 285.
)
\Hy@SectionHShift=\skip105
)
Package hyperref Info: Option `colorlinks' set `true' on input line 329.
 (c:/texlive/2023/texmf-dist/tex/latex/listings/listings.sty
\lst@mode=\count421
\lst@gtempboxa=\box60
\lst@token=\toks29
\lst@length=\count422
\lst@currlwidth=\dimen189
\lst@column=\count423
\lst@pos=\count424
\lst@lostspace=\dimen190
\lst@width=\dimen191
\lst@newlines=\count425
\lst@lineno=\count426
\lst@maxwidth=\dimen192
 (c:/texlive/2023/texmf-dist/tex/latex/listings/lstmisc.sty
File: lstmisc.sty 2023/02/27 1.9 (Carsten Heinz)
\c@lstnumber=\count427
\lst@skipnumbers=\count428
\lst@framebox=\box61
) (c:/texlive/2023/texmf-dist/tex/latex/listings/listings.cfg
File: listings.cfg 2023/02/27 1.9 listings configuration
))
Package: listings 2023/02/27 1.9 (Carsten Heinz)
)
\@quotelevel=\count429
\@quotereset=\count430
 (./JobHunt.aux)
\openout1 = `JobHunt.aux'.

LaTeX Font Info:    Checking defaults for OML/cmm/m/it on input line 45.
LaTeX Font Info:    ... okay on input line 45.
LaTeX Font Info:    Checking defaults for OMS/cmsy/m/n on input line 45.
LaTeX Font Info:    ... okay on input line 45.
LaTeX Font Info:    Checking defaults for OT1/cmr/m/n on input line 45.
LaTeX Font Info:    ... okay on input line 45.
LaTeX Font Info:    Checking defaults for T1/cmr/m/n on input line 45.
LaTeX Font Info:    ... okay on input line 45.
LaTeX Font Info:    Checking defaults for TS1/cmr/m/n on input line 45.
LaTeX Font Info:    ... okay on input line 45.
LaTeX Font Info:    Checking defaults for OMX/cmex/m/n on input line 45.
LaTeX Font Info:    ... okay on input line 45.
LaTeX Font Info:    Checking defaults for U/cmr/m/n on input line 45.
LaTeX Font Info:    ... okay on input line 45.
LaTeX Font Info:    Checking defaults for PD1/pdf/m/n on input line 45.
LaTeX Font Info:    ... okay on input line 45.
LaTeX Font Info:    Checking defaults for PU/pdf/m/n on input line 45.
LaTeX Font Info:    ... okay on input line 45.
 (c:/texlive/2023/texmf-dist/tex/context/base/mkii/supp-pdf.mkii
[Loading MPS to PDF converter (version 2006.09.02).]
\scratchcounter=\count431
\scratchdimen=\dimen193
\scratchbox=\box62
\nofMPsegments=\count432
\nofMParguments=\count433
\everyMPshowfont=\toks30
\MPscratchCnt=\count434
\MPscratchDim=\dimen194
\MPnumerator=\count435
\makeMPintoPDFobject=\count436
\everyMPtoPDFconversion=\toks31
) (c:/texlive/2023/texmf-dist/tex/latex/epstopdf-pkg/epstopdf-base.sty
Package: epstopdf-base 2020-01-24 v2.11 Base part for package epstopdf
Package epstopdf-base Info: Redefining graphics rule for `.eps' on input line 485.
 (c:/texlive/2023/texmf-dist/tex/latex/latexconfig/epstopdf-sys.cfg
File: epstopdf-sys.cfg 2010/07/13 v1.3 Configuration of (r)epstopdf for TeX Live
))
Package ragged2e Info: ABD: executing \RaggedRight on input line 45.

*geometry* driver: auto-detecting
*geometry* detected driver: pdftex
*geometry* verbose mode - [ preamble ] result:
* driver: pdftex
* paper: letterpaper
* layout: <same size as paper>
* layoutoffset:(h,v)=(0.0pt,0.0pt)
* modes: 
* h-part:(L,W,R)=(56.9055pt, 351.10703pt, 206.28247pt)
* v-part:(T,H,B)=(85.35826pt, 624.25346pt, 85.35826pt)
* \paperwidth=614.295pt
* \paperheight=794.96999pt
* \textwidth=351.10703pt
* \textheight=624.25346pt
* \oddsidemargin=-15.36449pt
* \evensidemargin=-15.36449pt
* \topmargin=-38.12675pt
* \headheight=28.45274pt
* \headsep=22.76228pt
* \topskip=12.0pt
* \footskip=42.67912pt
* \marginparwidth=120.92421pt
* \marginparsep=28.45274pt
* \columnsep=10.0pt
* \skip\footins=10.8pt plus 4.0pt minus 2.0pt
* \hoffset=0.0pt
* \voffset=0.0pt
* \mag=1000
* \@twocolumnfalse
* \@twosidefalse
* \@mparswitchfalse
* \@reversemarginfalse
* (1in=72.27pt=25.4mm, 1cm=28.453pt)

Package caption Info: Begin \AtBeginDocument code.
Package caption Info: changepage package is loaded.
\caption@adjustwidth@hsize=\dimen195
\caption@adjustwidth@linewidth=\dimen196
Package caption Info: hyperref package is loaded.
Package caption Info: listings package is loaded.
Package caption Info: End \AtBeginDocument code.
\@sidenotes@extrawidth=\skip106
\big@size=\dimen197
\c@mv@tabular=\count437
\c@mv@boldtabular=\count438
Package biblatex Info: Trying to load language 'english'...
Package biblatex Info: ... file 'english.lbx' found.
(c:/texlive/2023/texmf-dist/tex/latex/biblatex/lbx/english.lbx
File: english.lbx 2023/03/05 v3.19 biblatex localization (PK/MW)
)
Package biblatex Info: Input encoding 'utf8' detected.
Package biblatex Info: Automatic encoding selection.
(biblatex)             Assuming data encoding 'utf8'.
\openout3 = `JobHunt.bcf'.

Package biblatex Info: Trying to load bibliographic data...
Package biblatex Info: ... file 'JobHunt.bbl' found.
 (./JobHunt.bbl)
Package biblatex Info: Reference section=0 on input line 45.
Package biblatex Info: Reference segment=0 on input line 45.
Package hyperref Info: Link coloring ON on input line 45.
 (./JobHunt.out) (./JobHunt.out)
\@outlinefile=\write4
\openout4 = `JobHunt.out'.

\c@lstlisting=\count439
<Images/Spekkio1.png, id=939, 46.1725pt x 40.15pt>
File: Images/Spekkio1.png Graphic file (type png)
<use Images/Spekkio1.png>
Package pdftex.def Info: Images/Spekkio1.png  used on input line 56.
(pdftex.def)             Requested size: 142.26378pt x 123.7089pt.
LaTeX Font Info:    Trying to load font information for OT1+ppl on input line 60.
 (c:/texlive/2023/texmf-dist/tex/latex/psnfss/ot1ppl.fd
File: ot1ppl.fd 2001/06/04 font definitions for OT1/ppl.
)
LaTeX Font Info:    Trying to load font information for OML+zplm on input line 60.
 (c:/texlive/2023/texmf-dist/tex/latex/psnfss/omlzplm.fd
File: omlzplm.fd 2002/09/08 Fontinst v1.914 font definitions for OML/zplm.
)
LaTeX Font Info:    Trying to load font information for OMS+zplm on input line 60.
 (c:/texlive/2023/texmf-dist/tex/latex/psnfss/omszplm.fd
File: omszplm.fd 2002/09/08 Fontinst v1.914 font definitions for OMS/zplm.
)
LaTeX Font Info:    Trying to load font information for OMX+zplm on input line 60.
 (c:/texlive/2023/texmf-dist/tex/latex/psnfss/omxzplm.fd
File: omxzplm.fd 2002/09/08 Fontinst v1.914 font definitions for OMX/zplm.
)
LaTeX Font Info:    Trying to load font information for OT1+zplm on input line 60.
 (c:/texlive/2023/texmf-dist/tex/latex/psnfss/ot1zplm.fd
File: ot1zplm.fd 2002/09/08 Fontinst v1.914 font definitions for OT1/zplm.
) [1

{c:/texlive/2023/texmf-var/fonts/map/pdftex/updmap/pdftex.map}{c:/texlive/2023/texmf-dist/fonts/enc/dvips/plex/plx_gmchnq.enc} <./Images/Spekkio1.png>]
LaTeX Font Info:    Trying to load font information for TS1+plxSans-TLF on input line 92.
 (c:/texlive/2023/texmf-dist/tex/latex/plex/TS1plxSans-TLF.fd
File: TS1plxSans-TLF.fd 2023/09/07 (autoinst) Font definitions for TS1/plxSans-TLF.
) [2{c:/texlive/2023/texmf-dist/fonts/enc/dvips/plex/plx_koxhod.enc}] (./JobHunt.toc
File: Images/Spekkio1.png Graphic file (type png)
<use Images/Spekkio1.png>
Package pdftex.def Info: Images/Spekkio1.png  used on input line 34.
(pdftex.def)             Requested size: 28.45274pt x 24.74141pt.


Package fancyhdr Warning: \headheight is too small (28.45274pt): 
(fancyhdr)                Make it at least 29.09145pt, for example:
(fancyhdr)                \setlength{\headheight}{29.09145pt}.
(fancyhdr)                You might also make \topmargin smaller to compensate:
(fancyhdr)                \addtolength{\topmargin}{-0.6387pt}.

[3]
File: Images/Spekkio1.png Graphic file (type png)
<use Images/Spekkio1.png>
Package pdftex.def Info: Images/Spekkio1.png  used on input line 70.
(pdftex.def)             Requested size: 28.45274pt x 24.74141pt.


Package fancyhdr Warning: \headheight is too small (28.45274pt): 
(fancyhdr)                Make it at least 29.09145pt, for example:
(fancyhdr)                \setlength{\headheight}{29.09145pt}.
(fancyhdr)                You might also make \topmargin smaller to compensate:
(fancyhdr)                \addtolength{\topmargin}{-0.6387pt}.

[4]
File: Images/Spekkio1.png Graphic file (type png)
<use Images/Spekkio1.png>
Package pdftex.def Info: Images/Spekkio1.png  used on input line 106.
(pdftex.def)             Requested size: 28.45274pt x 24.74141pt.


Package fancyhdr Warning: \headheight is too small (28.45274pt): 
(fancyhdr)                Make it at least 29.09145pt, for example:
(fancyhdr)                \setlength{\headheight}{29.09145pt}.
(fancyhdr)                You might also make \topmargin smaller to compensate:
(fancyhdr)                \addtolength{\topmargin}{-0.6387pt}.

[5]
File: Images/Spekkio1.png Graphic file (type png)
<use Images/Spekkio1.png>
Package pdftex.def Info: Images/Spekkio1.png  used on input line 142.
(pdftex.def)             Requested size: 28.45274pt x 24.74141pt.


Package fancyhdr Warning: \headheight is too small (28.45274pt): 
(fancyhdr)                Make it at least 29.09145pt, for example:
(fancyhdr)                \setlength{\headheight}{29.09145pt}.
(fancyhdr)                You might also make \topmargin smaller to compensate:
(fancyhdr)                \addtolength{\topmargin}{-0.6387pt}.

[6]
File: Images/Spekkio1.png Graphic file (type png)
<use Images/Spekkio1.png>
Package pdftex.def Info: Images/Spekkio1.png  used on input line 179.
(pdftex.def)             Requested size: 28.45274pt x 24.74141pt.


Package fancyhdr Warning: \headheight is too small (28.45274pt): 
(fancyhdr)                Make it at least 29.09145pt, for example:
(fancyhdr)                \setlength{\headheight}{29.09145pt}.
(fancyhdr)                You might also make \topmargin smaller to compensate:
(fancyhdr)                \addtolength{\topmargin}{-0.6387pt}.

[7]
File: Images/Spekkio1.png Graphic file (type png)
<use Images/Spekkio1.png>
Package pdftex.def Info: Images/Spekkio1.png  used on input line 216.
(pdftex.def)             Requested size: 28.45274pt x 24.74141pt.


Package fancyhdr Warning: \headheight is too small (28.45274pt): 
(fancyhdr)                Make it at least 29.09145pt, for example:
(fancyhdr)                \setlength{\headheight}{29.09145pt}.
(fancyhdr)                You might also make \topmargin smaller to compensate:
(fancyhdr)                \addtolength{\topmargin}{-0.6387pt}.

[8])
\tf@toc=\write5
\openout5 = `JobHunt.toc'.

File: Images/Spekkio1.png Graphic file (type png)
<use Images/Spekkio1.png>
Package pdftex.def Info: Images/Spekkio1.png  used on input line 128.
(pdftex.def)             Requested size: 28.45274pt x 24.74141pt.


Package fancyhdr Warning: \headheight is too small (28.45274pt): 
(fancyhdr)                Make it at least 29.09145pt, for example:
(fancyhdr)                \setlength{\headheight}{29.09145pt}.
(fancyhdr)                You might also make \topmargin smaller to compensate:
(fancyhdr)                \addtolength{\topmargin}{-0.6387pt}.

[9]
LaTeX Font Info:    Trying to load font information for T1+plxSerif-TLF on input line 146.
 (c:/texlive/2023/texmf-dist/tex/latex/plex/T1plxSerif-TLF.fd
File: T1plxSerif-TLF.fd 2023/09/07 (autoinst) Font definitions for T1/plxSerif-TLF.
)
File: Images/Spekkio1.png Graphic file (type png)
<use Images/Spekkio1.png>
Package pdftex.def Info: Images/Spekkio1.png  used on input line 163.
(pdftex.def)             Requested size: 28.45274pt x 24.74141pt.


Package fancyhdr Warning: \headheight is too small (28.45274pt): 
(fancyhdr)                Make it at least 29.09145pt, for example:
(fancyhdr)                \setlength{\headheight}{29.09145pt}.
(fancyhdr)                You might also make \topmargin smaller to compensate:
(fancyhdr)                \addtolength{\topmargin}{-0.6387pt}.

[10]
Overfull \hbox (5.57225pt too wide) in paragraph at lines 164--165
\T1/plxSans-TLF/m/n/12 cor-ner here, and come up with a more con-crete plan. The LinkedIn 
 []

File: Images/Spekkio1.png Graphic file (type png)
<use Images/Spekkio1.png>
Package pdftex.def Info: Images/Spekkio1.png  used on input line 190.
(pdftex.def)             Requested size: 28.45274pt x 24.74141pt.

Package fancyhdr Warning: \headheight is too small (28.45274pt): 
(fancyhdr)                Make it at least 29.09145pt, for example:
(fancyhdr)                \setlength{\headheight}{29.09145pt}.
(fancyhdr)                You might also make \topmargin smaller to compensate:
(fancyhdr)                \addtolength{\topmargin}{-0.6387pt}.

[11]
File: Images/Spekkio1.png Graphic file (type png)
<use Images/Spekkio1.png>
Package pdftex.def Info: Images/Spekkio1.png  used on input line 218.
(pdftex.def)             Requested size: 28.45274pt x 24.74141pt.


Package fancyhdr Warning: \headheight is too small (28.45274pt): 
(fancyhdr)                Make it at least 29.09145pt, for example:
(fancyhdr)                \setlength{\headheight}{29.09145pt}.
(fancyhdr)                You might also make \topmargin smaller to compensate:
(fancyhdr)                \addtolength{\topmargin}{-0.6387pt}.

[12]
Overfull \hbox (16.74068pt too wide) in paragraph at lines 220--221
[]\T1/plxSans-TLF/m/n/12 Mentioning up-work, free-lanc-ing is some-thing to try to make progress 
 []

File: Images/Spekkio1.png Graphic file (type png)
<use Images/Spekkio1.png>
Package pdftex.def Info: Images/Spekkio1.png  used on input line 248.
(pdftex.def)             Requested size: 28.45274pt x 24.74141pt.

Package fancyhdr Warning: \headheight is too small (28.45274pt): 
(fancyhdr)                Make it at least 29.09145pt, for example:
(fancyhdr)                \setlength{\headheight}{29.09145pt}.
(fancyhdr)                You might also make \topmargin smaller to compensate:
(fancyhdr)                \addtolength{\topmargin}{-0.6387pt}.

[13]
Overfull \hbox (0.78987pt too wide) in paragraph at lines 263--264
[]\T1/plxSerif-TLF/m/it/12 At Ex-pe-dia Group, we are look-ing for can-di-dates to match 
 []

File: Images/Spekkio1.png Graphic file (type png)
<use Images/Spekkio1.png>
Package pdftex.def Info: Images/Spekkio1.png  used on input line 274.
(pdftex.def)             Requested size: 28.45274pt x 24.74141pt.

Package fancyhdr Warning: \headheight is too small (28.45274pt): 
(fancyhdr)                Make it at least 29.09145pt, for example:
(fancyhdr)                \setlength{\headheight}{29.09145pt}.
(fancyhdr)                You might also make \topmargin smaller to compensate:
(fancyhdr)                \addtolength{\topmargin}{-0.6387pt}.

[14]
File: Images/Spekkio1.png Graphic file (type png)
<use Images/Spekkio1.png>
Package pdftex.def Info: Images/Spekkio1.png  used on input line 291.
(pdftex.def)             Requested size: 28.45274pt x 24.74141pt.


Package fancyhdr Warning: \headheight is too small (28.45274pt): 
(fancyhdr)                Make it at least 29.09145pt, for example:
(fancyhdr)                \setlength{\headheight}{29.09145pt}.
(fancyhdr)                You might also make \topmargin smaller to compensate:
(fancyhdr)                \addtolength{\topmargin}{-0.6387pt}.

[15]
File: Images/Spekkio1.png Graphic file (type png)
<use Images/Spekkio1.png>
Package pdftex.def Info: Images/Spekkio1.png  used on input line 321.
(pdftex.def)             Requested size: 28.45274pt x 24.74141pt.


Package fancyhdr Warning: \headheight is too small (28.45274pt): 
(fancyhdr)                Make it at least 29.09145pt, for example:
(fancyhdr)                \setlength{\headheight}{29.09145pt}.
(fancyhdr)                You might also make \topmargin smaller to compensate:
(fancyhdr)                \addtolength{\topmargin}{-0.6387pt}.

[16]
File: Images/Spekkio1.png Graphic file (type png)
<use Images/Spekkio1.png>
Package pdftex.def Info: Images/Spekkio1.png  used on input line 357.
(pdftex.def)             Requested size: 28.45274pt x 24.74141pt.


Package fancyhdr Warning: \headheight is too small (28.45274pt): 
(fancyhdr)                Make it at least 29.09145pt, for example:
(fancyhdr)                \setlength{\headheight}{29.09145pt}.
(fancyhdr)                You might also make \topmargin smaller to compensate:
(fancyhdr)                \addtolength{\topmargin}{-0.6387pt}.

[17]
File: Images/Spekkio1.png Graphic file (type png)
<use Images/Spekkio1.png>
Package pdftex.def Info: Images/Spekkio1.png  used on input line 394.
(pdftex.def)             Requested size: 28.45274pt x 24.74141pt.


Package fancyhdr Warning: \headheight is too small (28.45274pt): 
(fancyhdr)                Make it at least 29.09145pt, for example:
(fancyhdr)                \setlength{\headheight}{29.09145pt}.
(fancyhdr)                You might also make \topmargin smaller to compensate:
(fancyhdr)                \addtolength{\topmargin}{-0.6387pt}.

[18]
File: Images/Spekkio1.png Graphic file (type png)
<use Images/Spekkio1.png>
Package pdftex.def Info: Images/Spekkio1.png  used on input line 410.
(pdftex.def)             Requested size: 28.45274pt x 24.74141pt.


Package fancyhdr Warning: \headheight is too small (28.45274pt): 
(fancyhdr)                Make it at least 29.09145pt, for example:
(fancyhdr)                \setlength{\headheight}{29.09145pt}.
(fancyhdr)                You might also make \topmargin smaller to compensate:
(fancyhdr)                \addtolength{\topmargin}{-0.6387pt}.

[19]
File: Images/Spekkio1.png Graphic file (type png)
<use Images/Spekkio1.png>
Package pdftex.def Info: Images/Spekkio1.png  used on input line 454.
(pdftex.def)             Requested size: 28.45274pt x 24.74141pt.


Package fancyhdr Warning: \headheight is too small (28.45274pt): 
(fancyhdr)                Make it at least 29.09145pt, for example:
(fancyhdr)                \setlength{\headheight}{29.09145pt}.
(fancyhdr)                You might also make \topmargin smaller to compensate:
(fancyhdr)                \addtolength{\topmargin}{-0.6387pt}.

[20]
Overfull \hbox (1.84584pt too wide) in paragraph at lines 478--479
[]\T1/plxSerif-TLF/m/it/12 This hedge fund, head-quar-tered in New York with a global 
 []

File: Images/Spekkio1.png Graphic file (type png)
<use Images/Spekkio1.png>
Package pdftex.def Info: Images/Spekkio1.png  used on input line 481.
(pdftex.def)             Requested size: 28.45274pt x 24.74141pt.

Package fancyhdr Warning: \headheight is too small (28.45274pt): 
(fancyhdr)                Make it at least 29.09145pt, for example:
(fancyhdr)                \setlength{\headheight}{29.09145pt}.
(fancyhdr)                You might also make \topmargin smaller to compensate:
(fancyhdr)                \addtolength{\topmargin}{-0.6387pt}.

[21]
File: Images/Spekkio1.png Graphic file (type png)
<use Images/Spekkio1.png>
Package pdftex.def Info: Images/Spekkio1.png  used on input line 507.
(pdftex.def)             Requested size: 28.45274pt x 24.74141pt.


Package fancyhdr Warning: \headheight is too small (28.45274pt): 
(fancyhdr)                Make it at least 29.09145pt, for example:
(fancyhdr)                \setlength{\headheight}{29.09145pt}.
(fancyhdr)                You might also make \topmargin smaller to compensate:
(fancyhdr)                \addtolength{\topmargin}{-0.6387pt}.

[22]
Overfull \hbox (1.4019pt too wide) in paragraph at lines 512--513
\T1/plxSerif-TLF/m/it/12 tious, hun-gry, tal-ented en-gi-neers to help drive this change.  
 []

File: Images/Spekkio1.png Graphic file (type png)
<use Images/Spekkio1.png>
Package pdftex.def Info: Images/Spekkio1.png  used on input line 536.
(pdftex.def)             Requested size: 28.45274pt x 24.74141pt.

Package fancyhdr Warning: \headheight is too small (28.45274pt): 
(fancyhdr)                Make it at least 29.09145pt, for example:
(fancyhdr)                \setlength{\headheight}{29.09145pt}.
(fancyhdr)                You might also make \topmargin smaller to compensate:
(fancyhdr)                \addtolength{\topmargin}{-0.6387pt}.

[23]
Overfull \hbox (5.4938pt too wide) in paragraph at lines 569--570
\T1/plxSerif-TLF/m/it/12 fea-tures are prop-erly ar-chi-tected, code is de-vel-oped, tested, 
 []

File: Images/Spekkio1.png Graphic file (type png)
<use Images/Spekkio1.png>
Package pdftex.def Info: Images/Spekkio1.png  used on input line 570.
(pdftex.def)             Requested size: 28.45274pt x 24.74141pt.

Package fancyhdr Warning: \headheight is too small (28.45274pt): 
(fancyhdr)                Make it at least 29.09145pt, for example:
(fancyhdr)                \setlength{\headheight}{29.09145pt}.
(fancyhdr)                You might also make \topmargin smaller to compensate:
(fancyhdr)                \addtolength{\topmargin}{-0.6387pt}.

[24]
File: Images/Spekkio1.png Graphic file (type png)
<use Images/Spekkio1.png>
Package pdftex.def Info: Images/Spekkio1.png  used on input line 594.
(pdftex.def)             Requested size: 28.45274pt x 24.74141pt.


Package fancyhdr Warning: \headheight is too small (28.45274pt): 
(fancyhdr)                Make it at least 29.09145pt, for example:
(fancyhdr)                \setlength{\headheight}{29.09145pt}.
(fancyhdr)                You might also make \topmargin smaller to compensate:
(fancyhdr)                \addtolength{\topmargin}{-0.6387pt}.

[25]
File: Images/Spekkio1.png Graphic file (type png)
<use Images/Spekkio1.png>
Package pdftex.def Info: Images/Spekkio1.png  used on input line 630.
(pdftex.def)             Requested size: 28.45274pt x 24.74141pt.


Package fancyhdr Warning: \headheight is too small (28.45274pt): 
(fancyhdr)                Make it at least 29.09145pt, for example:
(fancyhdr)                \setlength{\headheight}{29.09145pt}.
(fancyhdr)                You might also make \topmargin smaller to compensate:
(fancyhdr)                \addtolength{\topmargin}{-0.6387pt}.

[26]
File: Images/Spekkio1.png Graphic file (type png)
<use Images/Spekkio1.png>
Package pdftex.def Info: Images/Spekkio1.png  used on input line 672.
(pdftex.def)             Requested size: 28.45274pt x 24.74141pt.


Package fancyhdr Warning: \headheight is too small (28.45274pt): 
(fancyhdr)                Make it at least 29.09145pt, for example:
(fancyhdr)                \setlength{\headheight}{29.09145pt}.
(fancyhdr)                You might also make \topmargin smaller to compensate:
(fancyhdr)                \addtolength{\topmargin}{-0.6387pt}.

[27]
File: Images/Spekkio1.png Graphic file (type png)
<use Images/Spekkio1.png>
Package pdftex.def Info: Images/Spekkio1.png  used on input line 695.
(pdftex.def)             Requested size: 28.45274pt x 24.74141pt.


Package fancyhdr Warning: \headheight is too small (28.45274pt): 
(fancyhdr)                Make it at least 29.09145pt, for example:
(fancyhdr)                \setlength{\headheight}{29.09145pt}.
(fancyhdr)                You might also make \topmargin smaller to compensate:
(fancyhdr)                \addtolength{\topmargin}{-0.6387pt}.

[28]
File: Images/Spekkio1.png Graphic file (type png)
<use Images/Spekkio1.png>
Package pdftex.def Info: Images/Spekkio1.png  used on input line 721.
(pdftex.def)             Requested size: 28.45274pt x 24.74141pt.


Package fancyhdr Warning: \headheight is too small (28.45274pt): 
(fancyhdr)                Make it at least 29.09145pt, for example:
(fancyhdr)                \setlength{\headheight}{29.09145pt}.
(fancyhdr)                You might also make \topmargin smaller to compensate:
(fancyhdr)                \addtolength{\topmargin}{-0.6387pt}.

[29]
File: Images/Spekkio1.png Graphic file (type png)
<use Images/Spekkio1.png>
Package pdftex.def Info: Images/Spekkio1.png  used on input line 739.
(pdftex.def)             Requested size: 28.45274pt x 24.74141pt.


Package fancyhdr Warning: \headheight is too small (28.45274pt): 
(fancyhdr)                Make it at least 29.09145pt, for example:
(fancyhdr)                \setlength{\headheight}{29.09145pt}.
(fancyhdr)                You might also make \topmargin smaller to compensate:
(fancyhdr)                \addtolength{\topmargin}{-0.6387pt}.

[30]
Overfull \hbox (3.75665pt too wide) in paragraph at lines 753--754
\T1/plxSans-TLF/m/n/12 ap-ply to the first two I had cho-sen, so when I got easy ap-ply work- 
 []

File: Images/Spekkio1.png Graphic file (type png)
<use Images/Spekkio1.png>
Package pdftex.def Info: Images/Spekkio1.png  used on input line 770.
(pdftex.def)             Requested size: 28.45274pt x 24.74141pt.

Package fancyhdr Warning: \headheight is too small (28.45274pt): 
(fancyhdr)                Make it at least 29.09145pt, for example:
(fancyhdr)                \setlength{\headheight}{29.09145pt}.
(fancyhdr)                You might also make \topmargin smaller to compensate:
(fancyhdr)                \addtolength{\topmargin}{-0.6387pt}.

[31]
File: Images/Spekkio1.png Graphic file (type png)
<use Images/Spekkio1.png>
Package pdftex.def Info: Images/Spekkio1.png  used on input line 797.
(pdftex.def)             Requested size: 28.45274pt x 24.74141pt.


Package fancyhdr Warning: \headheight is too small (28.45274pt): 
(fancyhdr)                Make it at least 29.09145pt, for example:
(fancyhdr)                \setlength{\headheight}{29.09145pt}.
(fancyhdr)                You might also make \topmargin smaller to compensate:
(fancyhdr)                \addtolength{\topmargin}{-0.6387pt}.

[32]
Overfull \hbox (0.44193pt too wide) in paragraph at lines 802--807
\T1/plxSerif-TLF/m/it/12 bi-ol-ogy, drug dis-cov-ery, chem-in-for-mat-ics, quan-tum chem- 
 []

File: Images/Spekkio1.png Graphic file (type png)
<use Images/Spekkio1.png>
Package pdftex.def Info: Images/Spekkio1.png  used on input line 833.
(pdftex.def)             Requested size: 28.45274pt x 24.74141pt.

Package fancyhdr Warning: \headheight is too small (28.45274pt): 
(fancyhdr)                Make it at least 29.09145pt, for example:
(fancyhdr)                \setlength{\headheight}{29.09145pt}.
(fancyhdr)                You might also make \topmargin smaller to compensate:
(fancyhdr)                \addtolength{\topmargin}{-0.6387pt}.

[33]
File: Images/Spekkio1.png Graphic file (type png)
<use Images/Spekkio1.png>
Package pdftex.def Info: Images/Spekkio1.png  used on input line 875.
(pdftex.def)             Requested size: 28.45274pt x 24.74141pt.


Package fancyhdr Warning: \headheight is too small (28.45274pt): 
(fancyhdr)                Make it at least 29.09145pt, for example:
(fancyhdr)                \setlength{\headheight}{29.09145pt}.
(fancyhdr)                You might also make \topmargin smaller to compensate:
(fancyhdr)                \addtolength{\topmargin}{-0.6387pt}.

[34]
File: Images/Spekkio1.png Graphic file (type png)
<use Images/Spekkio1.png>
Package pdftex.def Info: Images/Spekkio1.png  used on input line 901.
(pdftex.def)             Requested size: 28.45274pt x 24.74141pt.


Package fancyhdr Warning: \headheight is too small (28.45274pt): 
(fancyhdr)                Make it at least 29.09145pt, for example:
(fancyhdr)                \setlength{\headheight}{29.09145pt}.
(fancyhdr)                You might also make \topmargin smaller to compensate:
(fancyhdr)                \addtolength{\topmargin}{-0.6387pt}.

[35]
File: Images/Spekkio1.png Graphic file (type png)
<use Images/Spekkio1.png>
Package pdftex.def Info: Images/Spekkio1.png  used on input line 949.
(pdftex.def)             Requested size: 28.45274pt x 24.74141pt.


Package fancyhdr Warning: \headheight is too small (28.45274pt): 
(fancyhdr)                Make it at least 29.09145pt, for example:
(fancyhdr)                \setlength{\headheight}{29.09145pt}.
(fancyhdr)                You might also make \topmargin smaller to compensate:
(fancyhdr)                \addtolength{\topmargin}{-0.6387pt}.

[36]
File: Images/Spekkio1.png Graphic file (type png)
<use Images/Spekkio1.png>
Package pdftex.def Info: Images/Spekkio1.png  used on input line 1004.
(pdftex.def)             Requested size: 28.45274pt x 24.74141pt.


Package fancyhdr Warning: \headheight is too small (28.45274pt): 
(fancyhdr)                Make it at least 29.09145pt, for example:
(fancyhdr)                \setlength{\headheight}{29.09145pt}.
(fancyhdr)                You might also make \topmargin smaller to compensate:
(fancyhdr)                \addtolength{\topmargin}{-0.6387pt}.

[37]
Overfull \hbox (5.73386pt too wide) in paragraph at lines 1008--1009
[]\T1/plxSerif-TLF/m/it/12 Moreover, my adapt-abil-ity is un-der-scored by a track record 
 []


Overfull \hbox (13.54587pt too wide) in paragraph at lines 1008--1009
\T1/plxSerif-TLF/m/it/12 of suc-cess-fully man-ag-ing made-to-order en-ter-prise database 
 []

File: Images/Spekkio1.png Graphic file (type png)
<use Images/Spekkio1.png>
Package pdftex.def Info: Images/Spekkio1.png  used on input line 1043.
(pdftex.def)             Requested size: 28.45274pt x 24.74141pt.

Package fancyhdr Warning: \headheight is too small (28.45274pt): 
(fancyhdr)                Make it at least 29.09145pt, for example:
(fancyhdr)                \setlength{\headheight}{29.09145pt}.
(fancyhdr)                You might also make \topmargin smaller to compensate:
(fancyhdr)                \addtolength{\topmargin}{-0.6387pt}.

[38]
File: Images/Spekkio1.png Graphic file (type png)
<use Images/Spekkio1.png>
Package pdftex.def Info: Images/Spekkio1.png  used on input line 1072.
(pdftex.def)             Requested size: 28.45274pt x 24.74141pt.


Package fancyhdr Warning: \headheight is too small (28.45274pt): 
(fancyhdr)                Make it at least 29.09145pt, for example:
(fancyhdr)                \setlength{\headheight}{29.09145pt}.
(fancyhdr)                You might also make \topmargin smaller to compensate:
(fancyhdr)                \addtolength{\topmargin}{-0.6387pt}.

[39]
File: Images/Spekkio1.png Graphic file (type png)
<use Images/Spekkio1.png>
Package pdftex.def Info: Images/Spekkio1.png  used on input line 1118.
(pdftex.def)             Requested size: 28.45274pt x 24.74141pt.


Package fancyhdr Warning: \headheight is too small (28.45274pt): 
(fancyhdr)                Make it at least 29.09145pt, for example:
(fancyhdr)                \setlength{\headheight}{29.09145pt}.
(fancyhdr)                You might also make \topmargin smaller to compensate:
(fancyhdr)                \addtolength{\topmargin}{-0.6387pt}.

[40]
Overfull \hbox (2.04991pt too wide) in paragraph at lines 1139--1140
\T1/plxSerif-TLF/m/it/12 en-tire AI pipeline, from data col-lec-tion and pre-processing 
 []

File: Images/Spekkio1.png Graphic file (type png)
<use Images/Spekkio1.png>
Package pdftex.def Info: Images/Spekkio1.png  used on input line 1144.
(pdftex.def)             Requested size: 28.45274pt x 24.74141pt.

Package fancyhdr Warning: \headheight is too small (28.45274pt): 
(fancyhdr)                Make it at least 29.09145pt, for example:
(fancyhdr)                \setlength{\headheight}{29.09145pt}.
(fancyhdr)                You might also make \topmargin smaller to compensate:
(fancyhdr)                \addtolength{\topmargin}{-0.6387pt}.

[41]
File: Images/Spekkio1.png Graphic file (type png)
<use Images/Spekkio1.png>
Package pdftex.def Info: Images/Spekkio1.png  used on input line 1183.
(pdftex.def)             Requested size: 28.45274pt x 24.74141pt.


Package fancyhdr Warning: \headheight is too small (28.45274pt): 
(fancyhdr)                Make it at least 29.09145pt, for example:
(fancyhdr)                \setlength{\headheight}{29.09145pt}.
(fancyhdr)                You might also make \topmargin smaller to compensate:
(fancyhdr)                \addtolength{\topmargin}{-0.6387pt}.

[42]
File: Images/Spekkio1.png Graphic file (type png)
<use Images/Spekkio1.png>
Package pdftex.def Info: Images/Spekkio1.png  used on input line 1214.
(pdftex.def)             Requested size: 28.45274pt x 24.74141pt.


Package fancyhdr Warning: \headheight is too small (28.45274pt): 
(fancyhdr)                Make it at least 29.09145pt, for example:
(fancyhdr)                \setlength{\headheight}{29.09145pt}.
(fancyhdr)                You might also make \topmargin smaller to compensate:
(fancyhdr)                \addtolength{\topmargin}{-0.6387pt}.

[43]
File: Images/Spekkio1.png Graphic file (type png)
<use Images/Spekkio1.png>
Package pdftex.def Info: Images/Spekkio1.png  used on input line 1258.
(pdftex.def)             Requested size: 28.45274pt x 24.74141pt.


Package fancyhdr Warning: \headheight is too small (28.45274pt): 
(fancyhdr)                Make it at least 29.09145pt, for example:
(fancyhdr)                \setlength{\headheight}{29.09145pt}.
(fancyhdr)                You might also make \topmargin smaller to compensate:
(fancyhdr)                \addtolength{\topmargin}{-0.6387pt}.

[44]
File: Images/Spekkio1.png Graphic file (type png)
<use Images/Spekkio1.png>
Package pdftex.def Info: Images/Spekkio1.png  used on input line 1295.
(pdftex.def)             Requested size: 28.45274pt x 24.74141pt.


Package fancyhdr Warning: \headheight is too small (28.45274pt): 
(fancyhdr)                Make it at least 29.09145pt, for example:
(fancyhdr)                \setlength{\headheight}{29.09145pt}.
(fancyhdr)                You might also make \topmargin smaller to compensate:
(fancyhdr)                \addtolength{\topmargin}{-0.6387pt}.

[45]
File: Images/Spekkio1.png Graphic file (type png)
<use Images/Spekkio1.png>
Package pdftex.def Info: Images/Spekkio1.png  used on input line 1342.
(pdftex.def)             Requested size: 28.45274pt x 24.74141pt.


Package fancyhdr Warning: \headheight is too small (28.45274pt): 
(fancyhdr)                Make it at least 29.09145pt, for example:
(fancyhdr)                \setlength{\headheight}{29.09145pt}.
(fancyhdr)                You might also make \topmargin smaller to compensate:
(fancyhdr)                \addtolength{\topmargin}{-0.6387pt}.

[46]
Overfull \hbox (0.90985pt too wide) in paragraph at lines 1363--1364
\T1/plxSerif-TLF/m/it/12 with cross-functional teams to un-der-stand busi-ness needs, 
 []

File: Images/Spekkio1.png Graphic file (type png)
<use Images/Spekkio1.png>
Package pdftex.def Info: Images/Spekkio1.png  used on input line 1375.
(pdftex.def)             Requested size: 28.45274pt x 24.74141pt.

Package fancyhdr Warning: \headheight is too small (28.45274pt): 
(fancyhdr)                Make it at least 29.09145pt, for example:
(fancyhdr)                \setlength{\headheight}{29.09145pt}.
(fancyhdr)                You might also make \topmargin smaller to compensate:
(fancyhdr)                \addtolength{\topmargin}{-0.6387pt}.

[47]
File: Images/Spekkio1.png Graphic file (type png)
<use Images/Spekkio1.png>
Package pdftex.def Info: Images/Spekkio1.png  used on input line 1395.
(pdftex.def)             Requested size: 28.45274pt x 24.74141pt.


Package fancyhdr Warning: \headheight is too small (28.45274pt): 
(fancyhdr)                Make it at least 29.09145pt, for example:
(fancyhdr)                \setlength{\headheight}{29.09145pt}.
(fancyhdr)                You might also make \topmargin smaller to compensate:
(fancyhdr)                \addtolength{\topmargin}{-0.6387pt}.

[48]
File: Images/Spekkio1.png Graphic file (type png)
<use Images/Spekkio1.png>
Package pdftex.def Info: Images/Spekkio1.png  used on input line 1438.
(pdftex.def)             Requested size: 28.45274pt x 24.74141pt.


Package fancyhdr Warning: \headheight is too small (28.45274pt): 
(fancyhdr)                Make it at least 29.09145pt, for example:
(fancyhdr)                \setlength{\headheight}{29.09145pt}.
(fancyhdr)                You might also make \topmargin smaller to compensate:
(fancyhdr)                \addtolength{\topmargin}{-0.6387pt}.

[49]
LaTeX Font Info:    Trying to load font information for TS1+plxSerif-TLF on input line 1449.
 (c:/texlive/2023/texmf-dist/tex/latex/plex/TS1plxSerif-TLF.fd
File: TS1plxSerif-TLF.fd 2023/09/07 (autoinst) Font definitions for TS1/plxSerif-TLF.
)
File: Images/Spekkio1.png Graphic file (type png)
<use Images/Spekkio1.png>
Package pdftex.def Info: Images/Spekkio1.png  used on input line 1471.
(pdftex.def)             Requested size: 28.45274pt x 24.74141pt.


Package fancyhdr Warning: \headheight is too small (28.45274pt): 
(fancyhdr)                Make it at least 29.09145pt, for example:
(fancyhdr)                \setlength{\headheight}{29.09145pt}.
(fancyhdr)                You might also make \topmargin smaller to compensate:
(fancyhdr)                \addtolength{\topmargin}{-0.6387pt}.

[50]
File: Images/Spekkio1.png Graphic file (type png)
<use Images/Spekkio1.png>
Package pdftex.def Info: Images/Spekkio1.png  used on input line 1508.
(pdftex.def)             Requested size: 28.45274pt x 24.74141pt.


Package fancyhdr Warning: \headheight is too small (28.45274pt): 
(fancyhdr)                Make it at least 29.09145pt, for example:
(fancyhdr)                \setlength{\headheight}{29.09145pt}.
(fancyhdr)                You might also make \topmargin smaller to compensate:
(fancyhdr)                \addtolength{\topmargin}{-0.6387pt}.

[51]
File: Images/Spekkio1.png Graphic file (type png)
<use Images/Spekkio1.png>
Package pdftex.def Info: Images/Spekkio1.png  used on input line 1554.
(pdftex.def)             Requested size: 28.45274pt x 24.74141pt.


Package fancyhdr Warning: \headheight is too small (28.45274pt): 
(fancyhdr)                Make it at least 29.09145pt, for example:
(fancyhdr)                \setlength{\headheight}{29.09145pt}.
(fancyhdr)                You might also make \topmargin smaller to compensate:
(fancyhdr)                \addtolength{\topmargin}{-0.6387pt}.

[52]
Overfull \hbox (15.05223pt too wide) in paragraph at lines 1583--1584
[]\T1/plxSans-TLF/m/n/12 Haha, hanover pa. I didn't re-al-ize that was an op-tion in my searches. 
 []

File: Images/Spekkio1.png Graphic file (type png)
<use Images/Spekkio1.png>
Package pdftex.def Info: Images/Spekkio1.png  used on input line 1594.
(pdftex.def)             Requested size: 28.45274pt x 24.74141pt.

Package fancyhdr Warning: \headheight is too small (28.45274pt): 
(fancyhdr)                Make it at least 29.09145pt, for example:
(fancyhdr)                \setlength{\headheight}{29.09145pt}.
(fancyhdr)                You might also make \topmargin smaller to compensate:
(fancyhdr)                \addtolength{\topmargin}{-0.6387pt}.

[53]
File: Images/Spekkio1.png Graphic file (type png)
<use Images/Spekkio1.png>
Package pdftex.def Info: Images/Spekkio1.png  used on input line 1606.
(pdftex.def)             Requested size: 28.45274pt x 24.74141pt.


Package fancyhdr Warning: \headheight is too small (28.45274pt): 
(fancyhdr)                Make it at least 29.09145pt, for example:
(fancyhdr)                \setlength{\headheight}{29.09145pt}.
(fancyhdr)                You might also make \topmargin smaller to compensate:
(fancyhdr)                \addtolength{\topmargin}{-0.6387pt}.

[54]
Overfull \hbox (9.38191pt too wide) in paragraph at lines 1632--1633
[]\T1/plxSerif-TLF/m/it/12 HCLTech is a global tech-nol-ogy com-pany, home to 211,000+ 
 []

File: Images/Spekkio1.png Graphic file (type png)
<use Images/Spekkio1.png>
Package pdftex.def Info: Images/Spekkio1.png  used on input line 1640.
(pdftex.def)             Requested size: 28.45274pt x 24.74141pt.

Package fancyhdr Warning: \headheight is too small (28.45274pt): 
(fancyhdr)                Make it at least 29.09145pt, for example:
(fancyhdr)                \setlength{\headheight}{29.09145pt}.
(fancyhdr)                You might also make \topmargin smaller to compensate:
(fancyhdr)                \addtolength{\topmargin}{-0.6387pt}.

[55]
File: Images/Spekkio1.png Graphic file (type png)
<use Images/Spekkio1.png>
Package pdftex.def Info: Images/Spekkio1.png  used on input line 1676.
(pdftex.def)             Requested size: 28.45274pt x 24.74141pt.


Package fancyhdr Warning: \headheight is too small (28.45274pt): 
(fancyhdr)                Make it at least 29.09145pt, for example:
(fancyhdr)                \setlength{\headheight}{29.09145pt}.
(fancyhdr)                You might also make \topmargin smaller to compensate:
(fancyhdr)                \addtolength{\topmargin}{-0.6387pt}.

[56]
File: Images/Spekkio1.png Graphic file (type png)
<use Images/Spekkio1.png>
Package pdftex.def Info: Images/Spekkio1.png  used on input line 1716.
(pdftex.def)             Requested size: 28.45274pt x 24.74141pt.


Package fancyhdr Warning: \headheight is too small (28.45274pt): 
(fancyhdr)                Make it at least 29.09145pt, for example:
(fancyhdr)                \setlength{\headheight}{29.09145pt}.
(fancyhdr)                You might also make \topmargin smaller to compensate:
(fancyhdr)                \addtolength{\topmargin}{-0.6387pt}.

[57]
Overfull \hbox (5.20583pt too wide) in paragraph at lines 1729--1730
\T1/plxSerif-TLF/m/it/12 spon-si-ble for the col-lec-tion of data for first piece, in-process 
 []

File: Images/Spekkio1.png Graphic file (type png)
<use Images/Spekkio1.png>
Package pdftex.def Info: Images/Spekkio1.png  used on input line 1745.
(pdftex.def)             Requested size: 28.45274pt x 24.74141pt.

Package fancyhdr Warning: \headheight is too small (28.45274pt): 
(fancyhdr)                Make it at least 29.09145pt, for example:
(fancyhdr)                \setlength{\headheight}{29.09145pt}.
(fancyhdr)                You might also make \topmargin smaller to compensate:
(fancyhdr)                \addtolength{\topmargin}{-0.6387pt}.

[58]
File: Images/Spekkio1.png Graphic file (type png)
<use Images/Spekkio1.png>
Package pdftex.def Info: Images/Spekkio1.png  used on input line 1802.
(pdftex.def)             Requested size: 28.45274pt x 24.74141pt.


Package fancyhdr Warning: \headheight is too small (28.45274pt): 
(fancyhdr)                Make it at least 29.09145pt, for example:
(fancyhdr)                \setlength{\headheight}{29.09145pt}.
(fancyhdr)                You might also make \topmargin smaller to compensate:
(fancyhdr)                \addtolength{\topmargin}{-0.6387pt}.

[59]
File: Images/Spekkio1.png Graphic file (type png)
<use Images/Spekkio1.png>
Package pdftex.def Info: Images/Spekkio1.png  used on input line 1851.
(pdftex.def)             Requested size: 28.45274pt x 24.74141pt.


Package fancyhdr Warning: \headheight is too small (28.45274pt): 
(fancyhdr)                Make it at least 29.09145pt, for example:
(fancyhdr)                \setlength{\headheight}{29.09145pt}.
(fancyhdr)                You might also make \topmargin smaller to compensate:
(fancyhdr)                \addtolength{\topmargin}{-0.6387pt}.

[60]
Overfull \hbox (0.53789pt too wide) in paragraph at lines 1868--1869
[]\T1/plxSerif-TLF/m/it/12 The AI/ML En-gi-neer will be an in-te-gral part of their team. 
 []

File: Images/Spekkio1.png Graphic file (type png)
<use Images/Spekkio1.png>
Package pdftex.def Info: Images/Spekkio1.png  used on input line 1896.
(pdftex.def)             Requested size: 28.45274pt x 24.74141pt.

Package fancyhdr Warning: \headheight is too small (28.45274pt): 
(fancyhdr)                Make it at least 29.09145pt, for example:
(fancyhdr)                \setlength{\headheight}{29.09145pt}.
(fancyhdr)                You might also make \topmargin smaller to compensate:
(fancyhdr)                \addtolength{\topmargin}{-0.6387pt}.

[61]
File: Images/Spekkio1.png Graphic file (type png)
<use Images/Spekkio1.png>
Package pdftex.def Info: Images/Spekkio1.png  used on input line 1935.
(pdftex.def)             Requested size: 28.45274pt x 24.74141pt.


Package fancyhdr Warning: \headheight is too small (28.45274pt): 
(fancyhdr)                Make it at least 29.09145pt, for example:
(fancyhdr)                \setlength{\headheight}{29.09145pt}.
(fancyhdr)                You might also make \topmargin smaller to compensate:
(fancyhdr)                \addtolength{\topmargin}{-0.6387pt}.

[62]
File: Images/Spekkio1.png Graphic file (type png)
<use Images/Spekkio1.png>
Package pdftex.def Info: Images/Spekkio1.png  used on input line 1971.
(pdftex.def)             Requested size: 28.45274pt x 24.74141pt.


Package fancyhdr Warning: \headheight is too small (28.45274pt): 
(fancyhdr)                Make it at least 29.09145pt, for example:
(fancyhdr)                \setlength{\headheight}{29.09145pt}.
(fancyhdr)                You might also make \topmargin smaller to compensate:
(fancyhdr)                \addtolength{\topmargin}{-0.6387pt}.

[63]
Overfull \hbox (59.26582pt too wide) in paragraph at lines 1980--1984
\T1/plxSerif-TLF/m/it/12 ter-na-tives:clusters, clus-tered This noun or verb <suggestion>problem- 
 []

File: Images/Spekkio1.png Graphic file (type png)
<use Images/Spekkio1.png>
Package pdftex.def Info: Images/Spekkio1.png  used on input line 2000.
(pdftex.def)             Requested size: 28.45274pt x 24.74141pt.

Package fancyhdr Warning: \headheight is too small (28.45274pt): 
(fancyhdr)                Make it at least 29.09145pt, for example:
(fancyhdr)                \setlength{\headheight}{29.09145pt}.
(fancyhdr)                You might also make \topmargin smaller to compensate:
(fancyhdr)                \addtolength{\topmargin}{-0.6387pt}.

[64]
File: Images/Spekkio1.png Graphic file (type png)
<use Images/Spekkio1.png>
Package pdftex.def Info: Images/Spekkio1.png  used on input line 2017.
(pdftex.def)             Requested size: 28.45274pt x 24.74141pt.


Package fancyhdr Warning: \headheight is too small (28.45274pt): 
(fancyhdr)                Make it at least 29.09145pt, for example:
(fancyhdr)                \setlength{\headheight}{29.09145pt}.
(fancyhdr)                You might also make \topmargin smaller to compensate:
(fancyhdr)                \addtolength{\topmargin}{-0.6387pt}.

[65]
File: Images/Spekkio1.png Graphic file (type png)
<use Images/Spekkio1.png>
Package pdftex.def Info: Images/Spekkio1.png  used on input line 2059.
(pdftex.def)             Requested size: 28.45274pt x 24.74141pt.


Package fancyhdr Warning: \headheight is too small (28.45274pt): 
(fancyhdr)                Make it at least 29.09145pt, for example:
(fancyhdr)                \setlength{\headheight}{29.09145pt}.
(fancyhdr)                You might also make \topmargin smaller to compensate:
(fancyhdr)                \addtolength{\topmargin}{-0.6387pt}.

[66]
File: Images/Spekkio1.png Graphic file (type png)
<use Images/Spekkio1.png>
Package pdftex.def Info: Images/Spekkio1.png  used on input line 2090.
(pdftex.def)             Requested size: 28.45274pt x 24.74141pt.


Package fancyhdr Warning: \headheight is too small (28.45274pt): 
(fancyhdr)                Make it at least 29.09145pt, for example:
(fancyhdr)                \setlength{\headheight}{29.09145pt}.
(fancyhdr)                You might also make \topmargin smaller to compensate:
(fancyhdr)                \addtolength{\topmargin}{-0.6387pt}.

[67]
File: Images/Spekkio1.png Graphic file (type png)
<use Images/Spekkio1.png>
Package pdftex.def Info: Images/Spekkio1.png  used on input line 2135.
(pdftex.def)             Requested size: 28.45274pt x 24.74141pt.


Package fancyhdr Warning: \headheight is too small (28.45274pt): 
(fancyhdr)                Make it at least 29.09145pt, for example:
(fancyhdr)                \setlength{\headheight}{29.09145pt}.
(fancyhdr)                You might also make \topmargin smaller to compensate:
(fancyhdr)                \addtolength{\topmargin}{-0.6387pt}.

[68]
File: Images/Spekkio1.png Graphic file (type png)
<use Images/Spekkio1.png>
Package pdftex.def Info: Images/Spekkio1.png  used on input line 2171.
(pdftex.def)             Requested size: 28.45274pt x 24.74141pt.


Package fancyhdr Warning: \headheight is too small (28.45274pt): 
(fancyhdr)                Make it at least 29.09145pt, for example:
(fancyhdr)                \setlength{\headheight}{29.09145pt}.
(fancyhdr)                You might also make \topmargin smaller to compensate:
(fancyhdr)                \addtolength{\topmargin}{-0.6387pt}.

[69]
File: Images/Spekkio1.png Graphic file (type png)
<use Images/Spekkio1.png>
Package pdftex.def Info: Images/Spekkio1.png  used on input line 2216.
(pdftex.def)             Requested size: 28.45274pt x 24.74141pt.


Package fancyhdr Warning: \headheight is too small (28.45274pt): 
(fancyhdr)                Make it at least 29.09145pt, for example:
(fancyhdr)                \setlength{\headheight}{29.09145pt}.
(fancyhdr)                You might also make \topmargin smaller to compensate:
(fancyhdr)                \addtolength{\topmargin}{-0.6387pt}.

[70]
File: Images/Spekkio1.png Graphic file (type png)
<use Images/Spekkio1.png>
Package pdftex.def Info: Images/Spekkio1.png  used on input line 2244.
(pdftex.def)             Requested size: 28.45274pt x 24.74141pt.


Package fancyhdr Warning: \headheight is too small (28.45274pt): 
(fancyhdr)                Make it at least 29.09145pt, for example:
(fancyhdr)                \setlength{\headheight}{29.09145pt}.
(fancyhdr)                You might also make \topmargin smaller to compensate:
(fancyhdr)                \addtolength{\topmargin}{-0.6387pt}.

[71]
Overfull \hbox (16.10455pt too wide) in paragraph at lines 2251--2252
\T1/plxSans-TLF/m/n/12 https://www.codecademy.com/resources/blog/20-code-challenges/  
 []

LaTeX Font Info:    Trying to load font information for T1+plxMono-TLF on input line 2253.
(c:/texlive/2023/texmf-dist/tex/latex/plex/T1plxMono-TLF.fd
File: T1plxMono-TLF.fd 2023/09/07 (autoinst) Font definitions for T1/plxMono-TLF.
)
File: Images/Spekkio1.png Graphic file (type png)
<use Images/Spekkio1.png>
Package pdftex.def Info: Images/Spekkio1.png  used on input line 2296.
(pdftex.def)             Requested size: 28.45274pt x 24.74141pt.


Package fancyhdr Warning: \headheight is too small (28.45274pt): 
(fancyhdr)                Make it at least 29.09145pt, for example:
(fancyhdr)                \setlength{\headheight}{29.09145pt}.
(fancyhdr)                You might also make \topmargin smaller to compensate:
(fancyhdr)                \addtolength{\topmargin}{-0.6387pt}.

[72{c:/texlive/2023/texmf-dist/fonts/enc/dvips/plex/plx_i3ioen.enc}]
File: Images/Spekkio1.png Graphic file (type png)
<use Images/Spekkio1.png>
Package pdftex.def Info: Images/Spekkio1.png  used on input line 2323.
(pdftex.def)             Requested size: 28.45274pt x 24.74141pt.


Package fancyhdr Warning: \headheight is too small (28.45274pt): 
(fancyhdr)                Make it at least 29.09145pt, for example:
(fancyhdr)                \setlength{\headheight}{29.09145pt}.
(fancyhdr)                You might also make \topmargin smaller to compensate:
(fancyhdr)                \addtolength{\topmargin}{-0.6387pt}.

[73]
File: Images/Spekkio1.png Graphic file (type png)
<use Images/Spekkio1.png>
Package pdftex.def Info: Images/Spekkio1.png  used on input line 2365.
(pdftex.def)             Requested size: 28.45274pt x 24.74141pt.


Package fancyhdr Warning: \headheight is too small (28.45274pt): 
(fancyhdr)                Make it at least 29.09145pt, for example:
(fancyhdr)                \setlength{\headheight}{29.09145pt}.
(fancyhdr)                You might also make \topmargin smaller to compensate:
(fancyhdr)                \addtolength{\topmargin}{-0.6387pt}.

[74]
File: Images/Spekkio1.png Graphic file (type png)
<use Images/Spekkio1.png>
Package pdftex.def Info: Images/Spekkio1.png  used on input line 2400.
(pdftex.def)             Requested size: 28.45274pt x 24.74141pt.


Package fancyhdr Warning: \headheight is too small (28.45274pt): 
(fancyhdr)                Make it at least 29.09145pt, for example:
(fancyhdr)                \setlength{\headheight}{29.09145pt}.
(fancyhdr)                You might also make \topmargin smaller to compensate:
(fancyhdr)                \addtolength{\topmargin}{-0.6387pt}.

[75]
File: Images/Spekkio1.png Graphic file (type png)
<use Images/Spekkio1.png>
Package pdftex.def Info: Images/Spekkio1.png  used on input line 2429.
(pdftex.def)             Requested size: 28.45274pt x 24.74141pt.


Package fancyhdr Warning: \headheight is too small (28.45274pt): 
(fancyhdr)                Make it at least 29.09145pt, for example:
(fancyhdr)                \setlength{\headheight}{29.09145pt}.
(fancyhdr)                You might also make \topmargin smaller to compensate:
(fancyhdr)                \addtolength{\topmargin}{-0.6387pt}.

[76]
File: Images/Spekkio1.png Graphic file (type png)
<use Images/Spekkio1.png>
Package pdftex.def Info: Images/Spekkio1.png  used on input line 2483.
(pdftex.def)             Requested size: 28.45274pt x 24.74141pt.


Package fancyhdr Warning: \headheight is too small (28.45274pt): 
(fancyhdr)                Make it at least 29.09145pt, for example:
(fancyhdr)                \setlength{\headheight}{29.09145pt}.
(fancyhdr)                You might also make \topmargin smaller to compensate:
(fancyhdr)                \addtolength{\topmargin}{-0.6387pt}.

[77]
Overfull \hbox (23.29282pt too wide) in paragraph at lines 2519--2519
[]            \T1/plxMono-TLF/m/n/12 err = insert((*n).left, (*newNode).val);[] 
 []


Overfull \hbox (30.49281pt too wide) in paragraph at lines 2519--2519
[]            \T1/plxMono-TLF/m/n/12 err = insert((*n).right, (*newNode).val);[] 
 []

File: Images/Spekkio1.png Graphic file (type png)
<use Images/Spekkio1.png>
Package pdftex.def Info: Images/Spekkio1.png  used on input line 2519.
(pdftex.def)             Requested size: 28.45274pt x 24.74141pt.

Package fancyhdr Warning: \headheight is too small (28.45274pt): 
(fancyhdr)                Make it at least 29.09145pt, for example:
(fancyhdr)                \setlength{\headheight}{29.09145pt}.
(fancyhdr)                You might also make \topmargin smaller to compensate:
(fancyhdr)                \addtolength{\topmargin}{-0.6387pt}.

[78]
Overfull \hbox (1.84584pt too wide) in paragraph at lines 2538--2539
[]\T1/plxSerif-TLF/m/it/12 This hedge fund, head-quar-tered in New York with a global 
 []

File: Images/Spekkio1.png Graphic file (type png)
<use Images/Spekkio1.png>
Package pdftex.def Info: Images/Spekkio1.png  used on input line 2553.
(pdftex.def)             Requested size: 28.45274pt x 24.74141pt.

Package fancyhdr Warning: \headheight is too small (28.45274pt): 
(fancyhdr)                Make it at least 29.09145pt, for example:
(fancyhdr)                \setlength{\headheight}{29.09145pt}.
(fancyhdr)                You might also make \topmargin smaller to compensate:
(fancyhdr)                \addtolength{\topmargin}{-0.6387pt}.

[79]
File: Images/Spekkio1.png Graphic file (type png)
<use Images/Spekkio1.png>
Package pdftex.def Info: Images/Spekkio1.png  used on input line 2580.
(pdftex.def)             Requested size: 28.45274pt x 24.74141pt.


Package fancyhdr Warning: \headheight is too small (28.45274pt): 
(fancyhdr)                Make it at least 29.09145pt, for example:
(fancyhdr)                \setlength{\headheight}{29.09145pt}.
(fancyhdr)                You might also make \topmargin smaller to compensate:
(fancyhdr)                \addtolength{\topmargin}{-0.6387pt}.

[80]
Overfull \hbox (0.14543pt too wide) in paragraph at lines 2592--2593
[]\T1/plxSerif-TLF/m/it/12 At Tur-tle Rock, we make the games we want to play. We're 
 []


Overfull \hbox (1.05386pt too wide) in paragraph at lines 2592--2593
\T1/plxSerif-TLF/m/it/12 ded-i-cated to pro-vid-ing a col-lab-o-ra-tive en-vi-ron-ment where 
 []

File: Images/Spekkio1.png Graphic file (type png)
<use Images/Spekkio1.png>
Package pdftex.def Info: Images/Spekkio1.png  used on input line 2620.
(pdftex.def)             Requested size: 28.45274pt x 24.74141pt.

Package fancyhdr Warning: \headheight is too small (28.45274pt): 
(fancyhdr)                Make it at least 29.09145pt, for example:
(fancyhdr)                \setlength{\headheight}{29.09145pt}.
(fancyhdr)                You might also make \topmargin smaller to compensate:
(fancyhdr)                \addtolength{\topmargin}{-0.6387pt}.

[81]
File: Images/Spekkio1.png Graphic file (type png)
<use Images/Spekkio1.png>
Package pdftex.def Info: Images/Spekkio1.png  used on input line 2660.
(pdftex.def)             Requested size: 28.45274pt x 24.74141pt.


Package fancyhdr Warning: \headheight is too small (28.45274pt): 
(fancyhdr)                Make it at least 29.09145pt, for example:
(fancyhdr)                \setlength{\headheight}{29.09145pt}.
(fancyhdr)                You might also make \topmargin smaller to compensate:
(fancyhdr)                \addtolength{\topmargin}{-0.6387pt}.

[82]
File: Images/Spekkio1.png Graphic file (type png)
<use Images/Spekkio1.png>
Package pdftex.def Info: Images/Spekkio1.png  used on input line 2684.
(pdftex.def)             Requested size: 28.45274pt x 24.74141pt.


Package fancyhdr Warning: \headheight is too small (28.45274pt): 
(fancyhdr)                Make it at least 29.09145pt, for example:
(fancyhdr)                \setlength{\headheight}{29.09145pt}.
(fancyhdr)                You might also make \topmargin smaller to compensate:
(fancyhdr)                \addtolength{\topmargin}{-0.6387pt}.

[83]
File: Images/Spekkio1.png Graphic file (type png)
<use Images/Spekkio1.png>
Package pdftex.def Info: Images/Spekkio1.png  used on input line 2712.
(pdftex.def)             Requested size: 28.45274pt x 24.74141pt.


Package fancyhdr Warning: \headheight is too small (28.45274pt): 
(fancyhdr)                Make it at least 29.09145pt, for example:
(fancyhdr)                \setlength{\headheight}{29.09145pt}.
(fancyhdr)                You might also make \topmargin smaller to compensate:
(fancyhdr)                \addtolength{\topmargin}{-0.6387pt}.

[84]
File: Images/Spekkio1.png Graphic file (type png)
<use Images/Spekkio1.png>
Package pdftex.def Info: Images/Spekkio1.png  used on input line 2748.
(pdftex.def)             Requested size: 28.45274pt x 24.74141pt.


Package fancyhdr Warning: \headheight is too small (28.45274pt): 
(fancyhdr)                Make it at least 29.09145pt, for example:
(fancyhdr)                \setlength{\headheight}{29.09145pt}.
(fancyhdr)                You might also make \topmargin smaller to compensate:
(fancyhdr)                \addtolength{\topmargin}{-0.6387pt}.

[85]
File: Images/Spekkio1.png Graphic file (type png)
<use Images/Spekkio1.png>
Package pdftex.def Info: Images/Spekkio1.png  used on input line 2809.
(pdftex.def)             Requested size: 28.45274pt x 24.74141pt.


Package fancyhdr Warning: \headheight is too small (28.45274pt): 
(fancyhdr)                Make it at least 29.09145pt, for example:
(fancyhdr)                \setlength{\headheight}{29.09145pt}.
(fancyhdr)                You might also make \topmargin smaller to compensate:
(fancyhdr)                \addtolength{\topmargin}{-0.6387pt}.

[86]
File: Images/Spekkio1.png Graphic file (type png)
<use Images/Spekkio1.png>
Package pdftex.def Info: Images/Spekkio1.png  used on input line 2878.
(pdftex.def)             Requested size: 28.45274pt x 24.74141pt.


Package fancyhdr Warning: \headheight is too small (28.45274pt): 
(fancyhdr)                Make it at least 29.09145pt, for example:
(fancyhdr)                \setlength{\headheight}{29.09145pt}.
(fancyhdr)                You might also make \topmargin smaller to compensate:
(fancyhdr)                \addtolength{\topmargin}{-0.6387pt}.

[87]
File: Images/Spekkio1.png Graphic file (type png)
<use Images/Spekkio1.png>
Package pdftex.def Info: Images/Spekkio1.png  used on input line 2944.
(pdftex.def)             Requested size: 28.45274pt x 24.74141pt.


Package fancyhdr Warning: \headheight is too small (28.45274pt): 
(fancyhdr)                Make it at least 29.09145pt, for example:
(fancyhdr)                \setlength{\headheight}{29.09145pt}.
(fancyhdr)                You might also make \topmargin smaller to compensate:
(fancyhdr)                \addtolength{\topmargin}{-0.6387pt}.

[88]
File: Images/Spekkio1.png Graphic file (type png)
<use Images/Spekkio1.png>
Package pdftex.def Info: Images/Spekkio1.png  used on input line 2998.
(pdftex.def)             Requested size: 28.45274pt x 24.74141pt.


Package fancyhdr Warning: \headheight is too small (28.45274pt): 
(fancyhdr)                Make it at least 29.09145pt, for example:
(fancyhdr)                \setlength{\headheight}{29.09145pt}.
(fancyhdr)                You might also make \topmargin smaller to compensate:
(fancyhdr)                \addtolength{\topmargin}{-0.6387pt}.

[89]
File: Images/Spekkio1.png Graphic file (type png)
<use Images/Spekkio1.png>
Package pdftex.def Info: Images/Spekkio1.png  used on input line 3065.
(pdftex.def)             Requested size: 28.45274pt x 24.74141pt.


Package fancyhdr Warning: \headheight is too small (28.45274pt): 
(fancyhdr)                Make it at least 29.09145pt, for example:
(fancyhdr)                \setlength{\headheight}{29.09145pt}.
(fancyhdr)                You might also make \topmargin smaller to compensate:
(fancyhdr)                \addtolength{\topmargin}{-0.6387pt}.

[90]
File: Images/Spekkio1.png Graphic file (type png)
<use Images/Spekkio1.png>
Package pdftex.def Info: Images/Spekkio1.png  used on input line 3138.
(pdftex.def)             Requested size: 28.45274pt x 24.74141pt.


Package fancyhdr Warning: \headheight is too small (28.45274pt): 
(fancyhdr)                Make it at least 29.09145pt, for example:
(fancyhdr)                \setlength{\headheight}{29.09145pt}.
(fancyhdr)                You might also make \topmargin smaller to compensate:
(fancyhdr)                \addtolength{\topmargin}{-0.6387pt}.

[91]
File: Images/Spekkio1.png Graphic file (type png)
<use Images/Spekkio1.png>
Package pdftex.def Info: Images/Spekkio1.png  used on input line 3192.
(pdftex.def)             Requested size: 28.45274pt x 24.74141pt.


Package fancyhdr Warning: \headheight is too small (28.45274pt): 
(fancyhdr)                Make it at least 29.09145pt, for example:
(fancyhdr)                \setlength{\headheight}{29.09145pt}.
(fancyhdr)                You might also make \topmargin smaller to compensate:
(fancyhdr)                \addtolength{\topmargin}{-0.6387pt}.

[92]
File: Images/Spekkio1.png Graphic file (type png)
<use Images/Spekkio1.png>
Package pdftex.def Info: Images/Spekkio1.png  used on input line 3226.
(pdftex.def)             Requested size: 28.45274pt x 24.74141pt.


Package fancyhdr Warning: \headheight is too small (28.45274pt): 
(fancyhdr)                Make it at least 29.09145pt, for example:
(fancyhdr)                \setlength{\headheight}{29.09145pt}.
(fancyhdr)                You might also make \topmargin smaller to compensate:
(fancyhdr)                \addtolength{\topmargin}{-0.6387pt}.

[93]
File: Images/Spekkio1.png Graphic file (type png)
<use Images/Spekkio1.png>
Package pdftex.def Info: Images/Spekkio1.png  used on input line 3248.
(pdftex.def)             Requested size: 28.45274pt x 24.74141pt.


Package fancyhdr Warning: \headheight is too small (28.45274pt): 
(fancyhdr)                Make it at least 29.09145pt, for example:
(fancyhdr)                \setlength{\headheight}{29.09145pt}.
(fancyhdr)                You might also make \topmargin smaller to compensate:
(fancyhdr)                \addtolength{\topmargin}{-0.6387pt}.

[94] 
enddocument/afterlastpage: lastpage setting LastPage.
(./JobHunt.aux)
 ***********
LaTeX2e <2023-06-01> patch level 1
L3 programming layer <2023-08-29>
 ***********
Package rerunfilecheck Info: File `JobHunt.out' has not changed.
(rerunfilecheck)             Checksum: 8B66881D1CFB42A6D4211D36C4CA005D;30134.
Package logreq Info: Writing requests to 'JobHunt.run.xml'.
\openout1 = `JobHunt.run.xml'.

 ) 
Here is how much of TeX's memory you used:
 23526 strings out of 474927
 412509 string characters out of 5763535
 1937785 words of memory out of 5000000
 44404 multiletter control sequences out of 15000+600000
 806714 words of font info for 109 fonts, out of 8000000 for 9000
 1141 hyphenation exceptions out of 8191
 94i,16n,107p,1335b,1867s stack positions out of 10000i,1000n,20000p,200000b,200000s
<c:/texlive/2023/texmf-dist/fonts/type1/ibm/plex/plxMono.pfb><c:/texlive/2023/texmf-dist/fonts/type1/ibm/plex/plxSans-Bold.pfb><c:/texlive/2023/texmf-dist/fonts/type1/ibm/plex/plxSans-BoldItalic.pfb><c:/texlive/2023/texmf-dist/fonts/type1/ibm/plex/plxSans-Italic.pfb><c:/texlive/2023/texmf-dist/fonts/type1/ibm/plex/plxSans-SmBld.pfb><c:/texlive/2023/texmf-dist/fonts/type1/ibm/plex/plxSans.pfb><c:/texlive/2023/texmf-dist/fonts/type1/ibm/plex/plxSerif-Italic.pfb>
Output written on JobHunt.pdf (94 pages, 344317 bytes).
PDF statistics:
 2033 PDF objects out of 2073 (max. 8388607)
 1669 compressed objects within 17 object streams
 328 named destinations out of 1000 (max. 500000)
 1870 words of extra memory for PDF output out of 10000 (max. 10000000)

