This is LuaTeX, Version 1.07.0 (TeX Live 2019/dev/Debian)  (format=lualatex 2018.9.28)  15 DEC 2018 20:30
 restricted system commands enabled.
**gradResume.tex
(./gradResume.tex
LaTeX2e <2018-04-01> patch level 5
Lua module: luaotfload-main 2017/01/29 2.80001 OpenType layout system.
Lua module: lualibs 2017-02-01 2.5 ConTeXt Lua standard libraries.
Lua module: lualibs-extended 2017-02-01 2.5 ConTeXt Lua libraries -- extended co
llection.(using cache: /var/lib/texmf/luatex-cache/generic)
luaotfload | conf : Root cache directory is /var/lib/texmf/luatex-cache/generic/
names.
luaotfload | init : Loading fontloader “fontloader-2017-02-11.lua” from kpse
-resolved path “/usr/share/texlive/texmf-dist/tex/luatex/luaotfload/fontloader
-2017-02-11.lua”.
Lua-only attribute luaotfload@state = 1
Lua-only attribute luaotfload@noligature = 2
Lua-only attribute luaotfload@syllabe = 3
luaotfload | init : Context OpenType loader version “3.027”
Inserting `luaotfload.node_processor' at position 1 in `pre_linebreak_filter'.
Inserting `luaotfload.node_processor' at position 1 in `hpack_filter'.
Inserting `luaotfload.define_font' at position 1 in `define_font'.
Lua-only attribute luaotfload_color_attribute = 4
luaotfload | conf : Root cache directory is /var/lib/texmf/luatex-cache/generic/
names.
Inserting `luaotfload.aux.set_sscale_dimens' at position 1 in `luaotfload.patch_
font'.
Inserting `luaotfload.aux.patch_cambria_domh' at position 2 in `luaotfload.patch
_font'.
Inserting `luaotfload.aux.fixup_fontdata' at position 1 in `luaotfload.patch_fon
t_unsafe'.
Inserting `luaotfload.aux.set_capheight' at position 3 in `luaotfload.patch_font
'.
Inserting `luaotfload.rewrite_fontname' at position 4 in `luaotfload.patch_font'
.
luaotfload | main : initialization completed in 0.227 seconds (./resume.cls
Document Class: resume 2010/07/10 v0.9 Resume class
(/usr/share/texlive/texmf-dist/tex/latex/base/article.cls
Document Class: article 2014/09/29 v1.4h Standard LaTeX document class
(/usr/share/texlive/texmf-dist/tex/latex/base/size11.clo
File: size11.clo 2014/09/29 v1.4h Standard LaTeX file (size option)
luaotfload | db : Font names database loaded from /var/lib/texmf/luatex-cache/ge
neric/names/luaotfload-names.luc(load luc: /var/lib/texmf/luatex-cache/generic/f
onts/otl/lmroman10-regular.luc))
\c@part=\count80
\c@section=\count81
\c@subsection=\count82
\c@subsubsection=\count83
\c@paragraph=\count84
\c@subparagraph=\count85
\c@figure=\count86
\c@table=\count87
\abovecaptionskip=\skip41
\belowcaptionskip=\skip42
\bibindent=\dimen102
)
(/usr/share/texlive/texmf-dist/tex/latex/parskip/parskip.sty
Package: parskip 2001/04/09 non-zero parskip adjustments
)
(/usr/share/texlive/texmf-dist/tex/latex/tools/array.sty
Package: array 2018/04/30 v2.4h Tabular extension package (FMi)
\col@sep=\dimen103
\ar@mcellbox=\box26
\extrarowheight=\dimen104
\NC@list=\toks14
\extratabsurround=\skip43
\backup@length=\skip44
\ar@cellbox=\box27
)
(/usr/share/texlive/texmf-dist/tex/latex/base/ifthen.sty
Package: ifthen 2014/09/29 v1.1c Standard LaTeX ifthen package (DPC)
))
(/usr/share/texlive/texmf-dist/tex/latex/geometry/geometry.sty
Package: geometry 2018/04/16 v5.8 Page Geometry

(/usr/share/texlive/texmf-dist/tex/latex/graphics/keyval.sty
Package: keyval 2014/10/28 v1.15 key=value parser (DPC)
\KV@toks@=\toks15
)
(/usr/share/texlive/texmf-dist/tex/generic/oberdiek/ifpdf.sty
Package: ifpdf 2017/03/15 v3.2 Provides the ifpdf switch
)
(/usr/share/texlive/texmf-dist/tex/generic/oberdiek/ifvtex.sty
Package: ifvtex 2016/05/16 v1.6 Detect VTeX and its facilities (HO)
Package ifvtex Info: VTeX not detected.
)
(/usr/share/texlive/texmf-dist/tex/generic/ifxetex/ifxetex.sty
Package: ifxetex 2010/09/12 v0.6 Provides ifxetex conditional
)
\Gm@cnth=\count88
\Gm@cntv=\count89
\c@Gm@tempcnt=\count90
\Gm@bindingoffset=\dimen105
\Gm@wd@mp=\dimen106
\Gm@odd@mp=\dimen107
\Gm@even@mp=\dimen108
\Gm@layoutwidth=\dimen109
\Gm@layoutheight=\dimen110
\Gm@layouthoffset=\dimen111
\Gm@layoutvoffset=\dimen112
\Gm@dimlist=\toks16
)
(./gradResume.aux)
\openout1 = gradResume.aux

LaTeX Font Info:    Checking defaults for OML/cmm/m/it on input line 33.
LaTeX Font Info:    ... okay on input line 33.
LaTeX Font Info:    Checking defaults for T1/cmr/m/n on input line 33.
LaTeX Font Info:    ... okay on input line 33.
LaTeX Font Info:    Checking defaults for OT1/cmr/m/n on input line 33.
LaTeX Font Info:    ... okay on input line 33.
LaTeX Font Info:    Checking defaults for OMS/cmsy/m/n on input line 33.
LaTeX Font Info:    ... okay on input line 33.
LaTeX Font Info:    Checking defaults for TU/lmr/m/n on input line 33.
LaTeX Font Info:    ... okay on input line 33.
LaTeX Font Info:    Checking defaults for OMX/cmex/m/n on input line 33.
LaTeX Font Info:    ... okay on input line 33.
LaTeX Font Info:    Checking defaults for U/cmr/m/n on input line 33.
LaTeX Font Info:    ... okay on input line 33.

*geometry* driver: auto-detecting
*geometry* detected driver: luatex
*geometry* verbose mode - [ preamble ] result:
* driver: luatex
* paper: <default>
* layout: <same size as paper>
* layoutoffset:(h,v)=(0.0pt,0.0pt)
* modes: 
* h-part:(L,W,R)=(54.2025pt, 505.89pt, 54.2025pt)
* v-part:(T,H,B)=(43.36243pt, 708.24513pt, 43.36243pt)
* \paperwidth=614.295pt
* \paperheight=794.96999pt
* \textwidth=505.89pt
* \textheight=708.24513pt
* \oddsidemargin=-18.06749pt
* \evensidemargin=-18.06749pt
* \topmargin=-65.90756pt
* \headheight=12.0pt
* \headsep=25.0pt
* \topskip=11.0pt
* \footskip=30.0pt
* \marginparwidth=59.0pt
* \marginparsep=10.0pt
* \columnsep=10.0pt
* \skip\footins=10.0pt plus 4.0pt minus 2.0pt
* \hoffset=0.0pt
* \voffset=0.0pt
* \mag=1000
* \@twocolumnfalse
* \@twosidefalse
* \@mparswitchfalse
* \@reversemarginfalse
* (1in=72.27pt=25.4mm, 1cm=28.453pt)

(load luc: /var/lib/texmf/luatex-cache/generic/fonts/otl/lmroman17-regular.luc)(
load luc: /var/lib/texmf/luatex-cache/generic/fonts/otl/lmroman12-bold.luc)
LaTeX Font Info:    External font `cmex10' loaded for size
(Font)              <10.95> on input line 33.
LaTeX Font Info:    External font `cmex10' loaded for size
(Font)              <8> on input line 33.
LaTeX Font Info:    External font `cmex10' loaded for size
(Font)              <6> on input line 33.

Overfull \hbox (30.0pt too wide) in paragraph at lines 33--33
[] 
 []

(load luc: /var/lib/texmf/luatex-cache/generic/fonts/otl/lmroman10-bold.luc)(loa
d luc: /var/lib/texmf/luatex-cache/generic/fonts/otl/lmroman10-italic.luc)
Underfull \hbox (badness 10000) in paragraph at lines 41--47

 []


Underfull \hbox (badness 10000) in paragraph at lines 48--56

 []


Underfull \hbox (badness 10000) in paragraph at lines 57--61

 []


Underfull \hbox (badness 10000) in paragraph at lines 62--66

 []


Underfull \hbox (badness 10000) in paragraph at lines 67--70

 []


Underfull \hbox (badness 10000) in paragraph at lines 71--74

 []

[1

{/var/lib/texmf/fonts/map/pdftex/updmap/pdftex.map}] [2] (./gradResume.aux))

Here is how much of LuaTeX's memory you used:
 943 strings out of 494412
 100000,89155 words of node,token memory allocated
 360 words of node memory still in use:
   2 hlist, 1 vlist, 1 rule, 2 glue, 3 attribute, 46 glue_spec, 3 attribute_list
, 1 write nodes
   avail lists: 2:275,3:102,4:8,5:147,6:21,7:1785,8:6,9:87,10:7,11:140
 5126 multiletter control sequences out of 65536+600000
 29 fonts using 1871839 bytes
 28i,6n,22p,225b,251s stack positions out of 5000i,500n,10000p,200000b,100000s
</usr/share/texmf/fonts/opentype/public/lm/lmroman10-italic.otf></usr/share/texm
f/fonts/opentype/public/lm/lmroman10-bold.otf></usr/share/texmf/fonts/opentype/p
ublic/lm/lmroman10-regular.otf></usr/share/texmf/fonts/opentype/public/lm/lmroma
n12-bold.otf></usr/share/texlive/texmf-dist/fonts/type1/public/amsfonts/cm/cmsy1
0.pfb>
Output written on gradResume.pdf (2 pages, 34721 bytes).

PDF statistics: 43 PDF objects out of 1000 (max. 8388607)
 25 compressed objects within 1 object stream
 0 named destinations out of 1000 (max. 131072)
 1 words of extra memory for PDF output out of 10000 (max. 100000000)

